Using pre-set license
Built from '2021.1/release' branch; Version is '2021.1.10f1 (b15f561b2cef) revision 11624278'; Using compiler version '192528614'; Build Type 'Release'
OS: 'Windows 10 Home; OS build 19042.1237; Version 2009; 64bit' Language: 'ru' Physical Memory: 16200 MB
BatchMode: 1, IsHumanControllingUs: 0, StartBugReporterOnCrash: 0, Is64bit: 1, IsPro: 0

 COMMAND LINE ARGUMENTS:
D:\Unity\2021.1.10f1\Editor\Unity.exe
-adb2
-batchMode
-noUpm
-name
AssetImportWorker0
-projectPath
D:/Geekbrains_Developer on Unity/Разработка 3D-игр/My_Game/MyHorror
-logFile
Logs/AssetImportWorker0.log
-srvPort
50908
Successfully changed project path to: D:/Geekbrains_Developer on Unity/Разработка 3D-игр/My_Game/MyHorror
D:/Geekbrains_Developer on Unity/Разработка 3D-игр/My_Game/MyHorror
Using Asset Import Pipeline V2.
Refreshing native plugins compatible for Editor in 87.87 ms, found 3 plugins.
Preloading 0 native plugins for Editor in 0.00 ms.
Initialize engine version: 2021.1.10f1 (b15f561b2cef)
[Subsystems] Discovering subsystems at path D:/Unity/2021.1.10f1/Editor/Data/Resources/UnitySubsystems
[Subsystems] Discovering subsystems at path D:/Geekbrains_Developer on Unity/Разработка 3D-игр/My_Game/MyHorror/Assets
GfxDevice: creating device client; threaded=0; jobified=0
Direct3D:
    Version:  Direct3D 11.0 [level 11.1]
    Renderer: NVIDIA GeForce GTX 1660 Ti (ID=0x2191)
    Vendor:   NVIDIA
    VRAM:     5991 MB
    Driver:   30.0.14.7212
Initialize mono
Mono path[0] = 'D:/Unity/2021.1.10f1/Editor/Data/Managed'
Mono path[1] = 'D:/Unity/2021.1.10f1/Editor/Data/MonoBleedingEdge/lib/mono/unityjit'
Mono config path = 'D:/Unity/2021.1.10f1/Editor/Data/MonoBleedingEdge/etc'
Using monoOptions --debugger-agent=transport=dt_socket,embedding=1,server=y,suspend=n,address=127.0.0.1:56216
Begin MonoManager ReloadAssembly
Registering precompiled unity dll's ...
Register platform support module: D:/Unity/2021.1.10f1/Editor/Data/PlaybackEngines/WindowsStandaloneSupport/UnityEditor.WindowsStandalone.Extensions.dll
Registered in 0.000748 seconds.
Native extension for WindowsStandalone target not found
Refreshing native plugins compatible for Editor in 94.82 ms, found 3 plugins.
Preloading 0 native plugins for Editor in 0.00 ms.
Mono: successfully reloaded assembly
- Completed reload, in  0.844 seconds
Domain Reload Profiling:
	ReloadAssembly (845ms)
		BeginReloadAssembly (38ms)
			ExecutionOrderSort (0ms)
			DisableScriptedObjects (0ms)
			BackupInstance (0ms)
			ReleaseScriptingObjects (0ms)
			CreateAndSetChildDomain (1ms)
		EndReloadAssembly (400ms)
			LoadAssemblies (38ms)
			RebuildTransferFunctionScriptingTraits (0ms)
			SetupTypeCache (135ms)
			ReleaseScriptCaches (0ms)
			RebuildScriptCaches (24ms)
			SetupLoadedEditorAssemblies (205ms)
				LogAssemblyErrors (0ms)
				InitializePlatformSupportModulesInManaged (5ms)
				SetLoadedEditorAssemblies (0ms)
				RefreshPlugins (95ms)
				BeforeProcessingInitializeOnLoad (1ms)
				ProcessInitializeOnLoadAttributes (80ms)
				ProcessInitializeOnLoadMethodAttributes (24ms)
				AfterProcessingInitializeOnLoad (0ms)
				EditorAssembliesLoaded (0ms)
			ExecutionOrderSort2 (0ms)
			AwakeInstancesAfterBackupRestoration (0ms)
Platform modules already initialized, skipping
Registering precompiled user dll's ...
Registered in 0.004021 seconds.
Begin MonoManager ReloadAssembly
Symbol file LoadedFromMemory doesn't match image D:\Geekbrains_Developer on Unity\Разработка 3D-игр\My_Game\MyHorror\Library\PackageCache\com.unity.visualscripting@1.6.1\Editor\VisualScripting.Core\Dependencies\YamlDotNet\Unity.VisualScripting.YamlDotNet.dll
Symbol file LoadedFromMemory doesn't match image D:\Geekbrains_Developer on Unity\Разработка 3D-игр\My_Game\MyHorror\Library\PackageCache\com.unity.visualscripting@1.6.1\Editor\VisualScripting.Core\Dependencies\DotNetZip\Unity.VisualScripting.IonicZip.dll
Native extension for WindowsStandalone target not found
Refreshing native plugins compatible for Editor in 91.55 ms, found 3 plugins.
Preloading 0 native plugins for Editor in 0.00 ms.
Mono: successfully reloaded assembly
- Completed reload, in  1.093 seconds
Domain Reload Profiling:
	ReloadAssembly (1093ms)
		BeginReloadAssembly (120ms)
			ExecutionOrderSort (0ms)
			DisableScriptedObjects (4ms)
			BackupInstance (0ms)
			ReleaseScriptingObjects (0ms)
			CreateAndSetChildDomain (16ms)
		EndReloadAssembly (927ms)
			LoadAssemblies (72ms)
			RebuildTransferFunctionScriptingTraits (0ms)
			SetupTypeCache (322ms)
			ReleaseScriptCaches (1ms)
			RebuildScriptCaches (51ms)
			SetupLoadedEditorAssemblies (400ms)
				LogAssemblyErrors (0ms)
				InitializePlatformSupportModulesInManaged (3ms)
				SetLoadedEditorAssemblies (0ms)
				RefreshPlugins (92ms)
				BeforeProcessingInitializeOnLoad (72ms)
				ProcessInitializeOnLoadAttributes (224ms)
				ProcessInitializeOnLoadMethodAttributes (7ms)
				AfterProcessingInitializeOnLoad (2ms)
				EditorAssembliesLoaded (0ms)
			ExecutionOrderSort2 (0ms)
			AwakeInstancesAfterBackupRestoration (5ms)
Platform modules already initialized, skipping
========================================================================
Worker process is ready to serve import requests
Shader 'Universal Render Pipeline/Particles/Lit': fallback shader 'Universal Render Pipeline/Particles/SimpleLit' not found
Shader 'Universal Render Pipeline/Particles/Lit': fallback shader 'Universal Render Pipeline/Particles/SimpleLit' not found
Launched and connected shader compiler UnityShaderCompiler.exe after 0.04 seconds
Refreshing native plugins compatible for Editor in 1.88 ms, found 3 plugins.
Preloading 0 native plugins for Editor in 0.00 ms.
Unloading 4755 Unused Serialized files (Serialized files now loaded: 0)
System memory in use before: 247.8 MB.
System memory in use after: 246.3 MB.

Unloading 46 unused Assets to reduce memory usage. Loaded Objects now: 5219.
Total: 6.160000 ms (FindLiveObjects: 0.449800 ms CreateObjectMapping: 0.434600 ms MarkObjects: 4.110900 ms  DeleteObjects: 1.162900 ms)

AssetImportParameters requested are different than current active one (requested -> active):
  custom:framework-win-MediaFoundation: 216162199b28c13a410421893ffa2e32 -> 
  custom:video-decoder-ogg-theora: a1e56fd34408186e4bbccfd4996cb3dc -> 
  custom:container-muxer-webm: aa71ff27fc2769a1b78a27578f13a17b -> 
  custom:container-demuxer-webm: 4f35f7cbe854078d1ac9338744f61a02 -> 
  custom:container-demuxer-ogg: 62fdf1f143b41e24485cea50d1cbac27 -> 
  custom:video-encoder-webm-vp8: eb34c28f22e8b96e1ab97ce403110664 -> 
  custom:video-decoder-webm-vp8: 9c59270c3fd7afecdb556c50c9e8de78 -> 
  custom:audio-decoder-ogg-vorbis: bf7c407c2cedff20999df2af8eb42d56 -> 
  custom:audio-encoder-webm-vorbis: bf7c407c2cedff20999df2af8eb42d56 -> 
========================================================================
Received Import Request.
  path: Assets/Materials/PostProcessMat.mat
  artifactKey: Guid(0e9e94cd4c9584c42800db2de3c38878) Importer(815301076,1909f56bfc062723c751e8b465ee728b)
Start importing Assets/Materials/PostProcessMat.mat using Guid(0e9e94cd4c9584c42800db2de3c38878) Importer(815301076,1909f56bfc062723c751e8b465ee728b)  -> (artifact id: 'fa1391f4cc200d20ce2e631f6de59392') in 0.241519 seconds 
========================================================================
Received Import Request.
  Time since last request: 229.547217 seconds.
  path: Assets/Materials/PostProcessMat.mat
  artifactKey: Guid(0e9e94cd4c9584c42800db2de3c38878) Importer(815301076,1909f56bfc062723c751e8b465ee728b)
Start importing Assets/Materials/PostProcessMat.mat using Guid(0e9e94cd4c9584c42800db2de3c38878) Importer(815301076,1909f56bfc062723c751e8b465ee728b)  -> (artifact id: '2108a6e249f2d90761622636ae8a6dd8') in 0.029951 seconds 
========================================================================
Received Import Request.
  Time since last request: 7.267763 seconds.
  path: Assets/Scenes/SampleScene/Lightmap-3_comp_light.exr
  artifactKey: Guid(a3bde468228b2e94d84efb9abf62b7ee) Importer(815301076,1909f56bfc062723c751e8b465ee728b)
Start importing Assets/Scenes/SampleScene/Lightmap-3_comp_light.exr using Guid(a3bde468228b2e94d84efb9abf62b7ee) Importer(815301076,1909f56bfc062723c751e8b465ee728b)  -> (artifact id: 'd60d26cf4f9cb9ad4ed563934b2adca4') in 0.026768 seconds 
========================================================================
Received Import Request.
  Time since last request: 0.000181 seconds.
  path: Assets/Scenes/SampleScene/Lightmap-5_comp_dir.png
  artifactKey: Guid(a2fea0bc488224b4db3c0c365a47d35d) Importer(815301076,1909f56bfc062723c751e8b465ee728b)
Start importing Assets/Scenes/SampleScene/Lightmap-5_comp_dir.png using Guid(a2fea0bc488224b4db3c0c365a47d35d) Importer(815301076,1909f56bfc062723c751e8b465ee728b)  -> (artifact id: 'ceffe59f864b181a98450c44dd3ac741') in 0.045166 seconds 
========================================================================
Received Import Request.
  Time since last request: 0.000139 seconds.
  path: Assets/Scenes/SampleScene/Lightmap-8_comp_light.exr
  artifactKey: Guid(803e3f2293b285244928ec4930d2da90) Importer(815301076,1909f56bfc062723c751e8b465ee728b)
Start importing Assets/Scenes/SampleScene/Lightmap-8_comp_light.exr using Guid(803e3f2293b285244928ec4930d2da90) Importer(815301076,1909f56bfc062723c751e8b465ee728b)  -> (artifact id: '6f51bacb6e4c55a22bb5e6eb0b55a7ac') in 0.009642 seconds 
========================================================================
Received Import Request.
  Time since last request: 0.000204 seconds.
  path: Assets/Scenes/SampleScene/Lightmap-8_comp_dir.png
  artifactKey: Guid(e539c4e14b8adfb4c8dc716127033652) Importer(815301076,1909f56bfc062723c751e8b465ee728b)
Start importing Assets/Scenes/SampleScene/Lightmap-8_comp_dir.png using Guid(e539c4e14b8adfb4c8dc716127033652) Importer(815301076,1909f56bfc062723c751e8b465ee728b)  -> (artifact id: '4854e75c3e52d2e46c0538964e9adecf') in 0.015797 seconds 
========================================================================
Received Import Request.
  Time since last request: 0.000247 seconds.
  path: Assets/Scenes/SampleScene/Post_process_HW_7 Profile.asset
  artifactKey: Guid(92cf94fdd80de574f9d53e3fc6e4bdd5) Importer(815301076,1909f56bfc062723c751e8b465ee728b)
Start importing Assets/Scenes/SampleScene/Post_process_HW_7 Profile.asset using Guid(92cf94fdd80de574f9d53e3fc6e4bdd5) Importer(815301076,1909f56bfc062723c751e8b465ee728b)  -> (artifact id: 'c1ff2881a285597ed93ad7fdee52780f') in 0.006972 seconds 
========================================================================
Received Import Request.
  Time since last request: 0.000200 seconds.
  path: Assets/Scenes/SampleScene/ReflectionProbe-0.exr
  artifactKey: Guid(abb13f42d604dd2458f132ce0ad2a71d) Importer(815301076,1909f56bfc062723c751e8b465ee728b)
Start importing Assets/Scenes/SampleScene/ReflectionProbe-0.exr using Guid(abb13f42d604dd2458f132ce0ad2a71d) Importer(815301076,1909f56bfc062723c751e8b465ee728b)  -> (artifact id: 'cd51c9f4dc6a1c8d325992d3d750981b') in 0.023477 seconds 
========================================================================
Received Import Request.
  Time since last request: 0.000181 seconds.
  path: Assets/Scenes/SampleScene/Lightmap-5_comp_light.exr
  artifactKey: Guid(741e5243884b3a9438d30cc1cdcb781a) Importer(815301076,1909f56bfc062723c751e8b465ee728b)
Start importing Assets/Scenes/SampleScene/Lightmap-5_comp_light.exr using Guid(741e5243884b3a9438d30cc1cdcb781a) Importer(815301076,1909f56bfc062723c751e8b465ee728b)  -> (artifact id: '980bafe3a4b7c7a64b4cd6bb9ca3d79c') in 0.009891 seconds 
========================================================================
Received Import Request.
  Time since last request: 0.000153 seconds.
  path: Assets/Scenes/SampleScene/Lightmap-7_comp_dir.png
  artifactKey: Guid(8e00a83bf7e55ff4e9827db2e3526da6) Importer(815301076,1909f56bfc062723c751e8b465ee728b)
Start importing Assets/Scenes/SampleScene/Lightmap-7_comp_dir.png using Guid(8e00a83bf7e55ff4e9827db2e3526da6) Importer(815301076,1909f56bfc062723c751e8b465ee728b)  -> (artifact id: '6ffa08d7249184aeedc574a139c2be44') in 0.008476 seconds 
========================================================================
Received Import Request.
  Time since last request: 0.000198 seconds.
  path: Assets/Scenes/SampleScene/Lightmap-6_comp_light.exr
  artifactKey: Guid(805dc17c423f4a0469a327b3e4b60617) Importer(815301076,1909f56bfc062723c751e8b465ee728b)
Start importing Assets/Scenes/SampleScene/Lightmap-6_comp_light.exr using Guid(805dc17c423f4a0469a327b3e4b60617) Importer(815301076,1909f56bfc062723c751e8b465ee728b)  -> (artifact id: '532a3132271c32412b09b0da0c366ea0') in 0.009946 seconds 
========================================================================
Received Import Request.
  Time since last request: 0.000122 seconds.
  path: Assets/Scenes/SampleScene/Lightmap-4_comp_light.exr
  artifactKey: Guid(cf08eaf464e108a4f927ac508bfd11d5) Importer(815301076,1909f56bfc062723c751e8b465ee728b)
Start importing Assets/Scenes/SampleScene/Lightmap-4_comp_light.exr using Guid(cf08eaf464e108a4f927ac508bfd11d5) Importer(815301076,1909f56bfc062723c751e8b465ee728b)  -> (artifact id: '943d133141aa30dcb17f11133002398d') in 0.011677 seconds 
========================================================================
Received Import Request.
  Time since last request: 0.000148 seconds.
  path: Assets/Scenes/SampleScene/ReflectionProbe-1.exr
  artifactKey: Guid(fc987d59cd0f88845aebf415018d997a) Importer(815301076,1909f56bfc062723c751e8b465ee728b)
Start importing Assets/Scenes/SampleScene/ReflectionProbe-1.exr using Guid(fc987d59cd0f88845aebf415018d997a) Importer(815301076,1909f56bfc062723c751e8b465ee728b)  -> (artifact id: 'c371729daaf03d8d02f757c13db3c1d4') in 0.013118 seconds 
========================================================================
Received Import Request.
  Time since last request: 0.000158 seconds.
  path: Assets/Scenes/SampleScene/Lightmap-6_comp_dir.png
  artifactKey: Guid(c153e3465d5714a458a9de33c0e3101f) Importer(815301076,1909f56bfc062723c751e8b465ee728b)
Start importing Assets/Scenes/SampleScene/Lightmap-6_comp_dir.png using Guid(c153e3465d5714a458a9de33c0e3101f) Importer(815301076,1909f56bfc062723c751e8b465ee728b)  -> (artifact id: 'ad0b1327b8119704248313db6f850f4b') in 0.011150 seconds 
========================================================================
Received Import Request.
  Time since last request: 0.000316 seconds.
  path: Assets/Scenes/SampleScene/Lightmap-4_comp_dir.png
  artifactKey: Guid(9af14302556896349b11dd41c5301662) Importer(815301076,1909f56bfc062723c751e8b465ee728b)
Start importing Assets/Scenes/SampleScene/Lightmap-4_comp_dir.png using Guid(9af14302556896349b11dd41c5301662) Importer(815301076,1909f56bfc062723c751e8b465ee728b)  -> (artifact id: '076816989eecc5bcd2989e0c9ee181a1') in 0.010900 seconds 
========================================================================
Received Import Request.
  Time since last request: 0.000236 seconds.
  path: Assets/Scenes/SampleScene/Lightmap-7_comp_light.exr
  artifactKey: Guid(4df1792d4a72c2b47838797796426abb) Importer(815301076,1909f56bfc062723c751e8b465ee728b)
Start importing Assets/Scenes/SampleScene/Lightmap-7_comp_light.exr using Guid(4df1792d4a72c2b47838797796426abb) Importer(815301076,1909f56bfc062723c751e8b465ee728b)  -> (artifact id: '8e038f8915f52b25f736c99a8c950e92') in 0.010091 seconds 
========================================================================
Received Import Request.
  Time since last request: 5.105472 seconds.
  path: Assets/Scenes/SampleScene/LightingData.asset
  artifactKey: Guid(1a39782c0033a084695c60024e12ed02) Importer(815301076,1909f56bfc062723c751e8b465ee728b)
Start importing Assets/Scenes/SampleScene/LightingData.asset using Guid(1a39782c0033a084695c60024e12ed02) Importer(815301076,1909f56bfc062723c751e8b465ee728b)  -> (artifact id: '63427d741e3e3e9414f2f0357fab8096') in 0.006372 seconds 
========================================================================
Received Import Request.
  Time since last request: 0.000150 seconds.
  path: Assets/Scenes/SampleScene/Lightmap-0_comp_dir.png
  artifactKey: Guid(d4eaa6e8d3fe0c141a612409e90291e9) Importer(815301076,1909f56bfc062723c751e8b465ee728b)
Start importing Assets/Scenes/SampleScene/Lightmap-0_comp_dir.png using Guid(d4eaa6e8d3fe0c141a612409e90291e9) Importer(815301076,1909f56bfc062723c751e8b465ee728b)  -> (artifact id: '95bd02a5651dd4f37cc61d31ab3c721c') in 0.010498 seconds 
========================================================================
Received Import Request.
  Time since last request: 0.000251 seconds.
  path: Assets/Scenes/SampleScene/Lightmap-3_comp_dir.png
  artifactKey: Guid(f5f0120a313193242b05a58ec091f920) Importer(815301076,1909f56bfc062723c751e8b465ee728b)
Start importing Assets/Scenes/SampleScene/Lightmap-3_comp_dir.png using Guid(f5f0120a313193242b05a58ec091f920) Importer(815301076,1909f56bfc062723c751e8b465ee728b)  -> (artifact id: 'feeae9d67e3ec965ba8cd14a548aa97b') in 0.014854 seconds 
========================================================================
Received Import Request.
  Time since last request: 0.000195 seconds.
  path: Assets/Scenes/SampleScene/Lightmap-0_comp_light.exr
  artifactKey: Guid(7c62b331dd93c1348a433a6da5447d0c) Importer(815301076,1909f56bfc062723c751e8b465ee728b)
Start importing Assets/Scenes/SampleScene/Lightmap-0_comp_light.exr using Guid(7c62b331dd93c1348a433a6da5447d0c) Importer(815301076,1909f56bfc062723c751e8b465ee728b)  -> (artifact id: '28821b591abc7d7c9362dc9697a811b6') in 0.011546 seconds 
========================================================================
Received Import Request.
  Time since last request: 0.000328 seconds.
  path: Assets/Scenes/SampleScene/Lightmap-1_comp_dir.png
  artifactKey: Guid(dc0b32dd8b670e14387199289428391f) Importer(815301076,1909f56bfc062723c751e8b465ee728b)
Start importing Assets/Scenes/SampleScene/Lightmap-1_comp_dir.png using Guid(dc0b32dd8b670e14387199289428391f) Importer(815301076,1909f56bfc062723c751e8b465ee728b)  -> (artifact id: '41f64e287a5dfdbcc80bbc3372190900') in 0.011504 seconds 
========================================================================
Received Import Request.
  Time since last request: 0.000355 seconds.
  path: Assets/Scenes/SampleScene/Lightmap-2_comp_light.exr
  artifactKey: Guid(a20dd5d8d1d792747bc1cecf01830561) Importer(815301076,1909f56bfc062723c751e8b465ee728b)
Start importing Assets/Scenes/SampleScene/Lightmap-2_comp_light.exr using Guid(a20dd5d8d1d792747bc1cecf01830561) Importer(815301076,1909f56bfc062723c751e8b465ee728b)  -> (artifact id: '751b454ee0786e2c65b91c4a44dd440f') in 0.010284 seconds 
========================================================================
Received Import Request.
  Time since last request: 0.000190 seconds.
  path: Assets/Scenes/SampleScene/Lightmap-1_comp_light.exr
  artifactKey: Guid(7d9214d11810f6642ba194c9033903a5) Importer(815301076,1909f56bfc062723c751e8b465ee728b)
Start importing Assets/Scenes/SampleScene/Lightmap-1_comp_light.exr using Guid(7d9214d11810f6642ba194c9033903a5) Importer(815301076,1909f56bfc062723c751e8b465ee728b)  -> (artifact id: '1196e7fefff61745326a366184a3c359') in 0.011269 seconds 
========================================================================
Received Import Request.
  Time since last request: 0.000152 seconds.
  path: Assets/Scenes/SampleScene/Lightmap-2_comp_dir.png
  artifactKey: Guid(b3c3eb964b8798f429dbac7c0d1040d4) Importer(815301076,1909f56bfc062723c751e8b465ee728b)
Start importing Assets/Scenes/SampleScene/Lightmap-2_comp_dir.png using Guid(b3c3eb964b8798f429dbac7c0d1040d4) Importer(815301076,1909f56bfc062723c751e8b465ee728b)  -> (artifact id: '854d359112a4e26241e22155e5f087b2') in 0.010231 seconds 
========================================================================
Received Import Request.
  Time since last request: 10.714006 seconds.
  path: Assets/Scenes/SampleScene/Post_process_HW_7 Profile.asset
  artifactKey: Guid(92cf94fdd80de574f9d53e3fc6e4bdd5) Importer(815301076,1909f56bfc062723c751e8b465ee728b)
Start importing Assets/Scenes/SampleScene/Post_process_HW_7 Profile.asset using Guid(92cf94fdd80de574f9d53e3fc6e4bdd5) Importer(815301076,1909f56bfc062723c751e8b465ee728b)  -> (artifact id: 'f22b662e642b8c81feb83880f0ab5ae4') in 0.003835 seconds 
========================================================================
Received Import Request.
  Time since last request: 706.899757 seconds.
  path: Assets/Scenes/SampleScene/Post_process_HW_7 Profile.asset
  artifactKey: Guid(92cf94fdd80de574f9d53e3fc6e4bdd5) Importer(815301076,1909f56bfc062723c751e8b465ee728b)
Start importing Assets/Scenes/SampleScene/Post_process_HW_7 Profile.asset using Guid(92cf94fdd80de574f9d53e3fc6e4bdd5) Importer(815301076,1909f56bfc062723c751e8b465ee728b)  -> (artifact id: 'c6db73a9ea23168b41f08b25ea528d2a') in 0.003416 seconds 
========================================================================
Received Import Request.
  Time since last request: 93.795574 seconds.
  path: Assets/Scenes/SampleScene/Post_process_HW_7 Profile.asset
  artifactKey: Guid(92cf94fdd80de574f9d53e3fc6e4bdd5) Importer(815301076,1909f56bfc062723c751e8b465ee728b)
Start importing Assets/Scenes/SampleScene/Post_process_HW_7 Profile.asset using Guid(92cf94fdd80de574f9d53e3fc6e4bdd5) Importer(815301076,1909f56bfc062723c751e8b465ee728b)  -> (artifact id: '4754cf16cc6be064d8aedb8c875d7e19') in 0.002593 seconds 
========================================================================
Received Prepare
Registering precompiled user dll's ...
Registered in 0.003399 seconds.
Begin MonoManager ReloadAssembly
Symbol file LoadedFromMemory doesn't match image D:\Geekbrains_Developer on Unity\Разработка 3D-игр\My_Game\MyHorror\Library\PackageCache\com.unity.visualscripting@1.6.1\Editor\VisualScripting.Core\Dependencies\YamlDotNet\Unity.VisualScripting.YamlDotNet.dll
Symbol file LoadedFromMemory doesn't match image D:\Geekbrains_Developer on Unity\Разработка 3D-игр\My_Game\MyHorror\Library\PackageCache\com.unity.visualscripting@1.6.1\Editor\VisualScripting.Core\Dependencies\DotNetZip\Unity.VisualScripting.IonicZip.dll
Native extension for WindowsStandalone target not found
Refreshing native plugins compatible for Editor in 0.83 ms, found 3 plugins.
Preloading 0 native plugins for Editor in 0.00 ms.
Mono: successfully reloaded assembly
- Completed reload, in  1.025 seconds
Domain Reload Profiling:
	ReloadAssembly (1026ms)
		BeginReloadAssembly (114ms)
			ExecutionOrderSort (0ms)
			DisableScriptedObjects (6ms)
			BackupInstance (0ms)
			ReleaseScriptingObjects (0ms)
			CreateAndSetChildDomain (39ms)
		EndReloadAssembly (861ms)
			LoadAssemblies (75ms)
			RebuildTransferFunctionScriptingTraits (0ms)
			SetupTypeCache (333ms)
			ReleaseScriptCaches (1ms)
			RebuildScriptCaches (38ms)
			SetupLoadedEditorAssemblies (277ms)
				LogAssemblyErrors (0ms)
				InitializePlatformSupportModulesInManaged (4ms)
				SetLoadedEditorAssemblies (0ms)
				RefreshPlugins (1ms)
				BeforeProcessingInitializeOnLoad (52ms)
				ProcessInitializeOnLoadAttributes (211ms)
				ProcessInitializeOnLoadMethodAttributes (6ms)
				AfterProcessingInitializeOnLoad (2ms)
				EditorAssembliesLoaded (0ms)
			ExecutionOrderSort2 (0ms)
			AwakeInstancesAfterBackupRestoration (16ms)
Platform modules already initialized, skipping
Shader 'Universal Render Pipeline/Particles/Lit': fallback shader 'Universal Render Pipeline/Particles/SimpleLit' not found
Shader 'Universal Render Pipeline/Particles/Lit': fallback shader 'Universal Render Pipeline/Particles/SimpleLit' not found
Refreshing native plugins compatible for Editor in 0.91 ms, found 3 plugins.
Preloading 0 native plugins for Editor in 0.00 ms.
Unloading 4680 Unused Serialized files (Serialized files now loaded: 0)
System memory in use before: 264.2 MB.
System memory in use after: 262.9 MB.

Unloading 39 unused Assets to reduce memory usage. Loaded Objects now: 5605.
Total: 4.236100 ms (FindLiveObjects: 0.458500 ms CreateObjectMapping: 0.390300 ms MarkObjects: 2.759000 ms  DeleteObjects: 0.627000 ms)

AssetImportParameters requested are different than current active one (requested -> active):
  custom:framework-win-MediaFoundation: 216162199b28c13a410421893ffa2e32 -> 
  custom:video-decoder-ogg-theora: a1e56fd34408186e4bbccfd4996cb3dc -> 
  custom:container-muxer-webm: aa71ff27fc2769a1b78a27578f13a17b -> 
  custom:container-demuxer-webm: 4f35f7cbe854078d1ac9338744f61a02 -> 
  custom:container-demuxer-ogg: 62fdf1f143b41e24485cea50d1cbac27 -> 
  custom:video-encoder-webm-vp8: eb34c28f22e8b96e1ab97ce403110664 -> 
  custom:video-decoder-webm-vp8: 9c59270c3fd7afecdb556c50c9e8de78 -> 
  custom:audio-decoder-ogg-vorbis: bf7c407c2cedff20999df2af8eb42d56 -> 
  custom:audio-encoder-webm-vorbis: bf7c407c2cedff20999df2af8eb42d56 -> 
========================================================================
Received Prepare
Registering precompiled user dll's ...
Registered in 0.004718 seconds.
Begin MonoManager ReloadAssembly
Symbol file LoadedFromMemory doesn't match image D:\Geekbrains_Developer on Unity\Разработка 3D-игр\My_Game\MyHorror\Library\PackageCache\com.unity.visualscripting@1.6.1\Editor\VisualScripting.Core\Dependencies\YamlDotNet\Unity.VisualScripting.YamlDotNet.dll
Symbol file LoadedFromMemory doesn't match image D:\Geekbrains_Developer on Unity\Разработка 3D-игр\My_Game\MyHorror\Library\PackageCache\com.unity.visualscripting@1.6.1\Editor\VisualScripting.Core\Dependencies\DotNetZip\Unity.VisualScripting.IonicZip.dll
Native extension for WindowsStandalone target not found
Refreshing native plugins compatible for Editor in 0.88 ms, found 3 plugins.
Preloading 0 native plugins for Editor in 0.00 ms.
Mono: successfully reloaded assembly
- Completed reload, in  1.039 seconds
Domain Reload Profiling:
	ReloadAssembly (1039ms)
		BeginReloadAssembly (100ms)
			ExecutionOrderSort (0ms)
			DisableScriptedObjects (6ms)
			BackupInstance (0ms)
			ReleaseScriptingObjects (0ms)
			CreateAndSetChildDomain (32ms)
		EndReloadAssembly (895ms)
			LoadAssemblies (64ms)
			RebuildTransferFunctionScriptingTraits (0ms)
			SetupTypeCache (339ms)
			ReleaseScriptCaches (2ms)
			RebuildScriptCaches (42ms)
			SetupLoadedEditorAssemblies (310ms)
				LogAssemblyErrors (0ms)
				InitializePlatformSupportModulesInManaged (4ms)
				SetLoadedEditorAssemblies (0ms)
				RefreshPlugins (1ms)
				BeforeProcessingInitializeOnLoad (59ms)
				ProcessInitializeOnLoadAttributes (237ms)
				ProcessInitializeOnLoadMethodAttributes (7ms)
				AfterProcessingInitializeOnLoad (2ms)
				EditorAssembliesLoaded (0ms)
			ExecutionOrderSort2 (0ms)
			AwakeInstancesAfterBackupRestoration (19ms)
Platform modules already initialized, skipping
Shader 'Universal Render Pipeline/Particles/Lit': fallback shader 'Universal Render Pipeline/Particles/SimpleLit' not found
Shader 'Universal Render Pipeline/Particles/Lit': fallback shader 'Universal Render Pipeline/Particles/SimpleLit' not found
Refreshing native plugins compatible for Editor in 1.52 ms, found 3 plugins.
Preloading 0 native plugins for Editor in 0.00 ms.
Unloading 4660 Unused Serialized files (Serialized files now loaded: 0)
System memory in use before: 263.6 MB.
System memory in use after: 262.3 MB.

Unloading 39 unused Assets to reduce memory usage. Loaded Objects now: 5607.
Total: 5.040200 ms (FindLiveObjects: 0.514000 ms CreateObjectMapping: 0.440100 ms MarkObjects: 3.005100 ms  DeleteObjects: 1.079000 ms)

AssetImportParameters requested are different than current active one (requested -> active):
  custom:framework-win-MediaFoundation: 216162199b28c13a410421893ffa2e32 -> 
  custom:video-decoder-ogg-theora: a1e56fd34408186e4bbccfd4996cb3dc -> 
  custom:container-muxer-webm: aa71ff27fc2769a1b78a27578f13a17b -> 
  custom:container-demuxer-webm: 4f35f7cbe854078d1ac9338744f61a02 -> 
  custom:container-demuxer-ogg: 62fdf1f143b41e24485cea50d1cbac27 -> 
  custom:video-encoder-webm-vp8: eb34c28f22e8b96e1ab97ce403110664 -> 
  custom:video-decoder-webm-vp8: 9c59270c3fd7afecdb556c50c9e8de78 -> 
  custom:audio-decoder-ogg-vorbis: bf7c407c2cedff20999df2af8eb42d56 -> 
  custom:audio-encoder-webm-vorbis: bf7c407c2cedff20999df2af8eb42d56 -> 
========================================================================
Received Prepare
Registering precompiled user dll's ...
Registered in 0.003195 seconds.
Begin MonoManager ReloadAssembly
Symbol file LoadedFromMemory doesn't match image D:\Geekbrains_Developer on Unity\Разработка 3D-игр\My_Game\MyHorror\Library\PackageCache\com.unity.visualscripting@1.6.1\Editor\VisualScripting.Core\Dependencies\YamlDotNet\Unity.VisualScripting.YamlDotNet.dll
Symbol file LoadedFromMemory doesn't match image D:\Geekbrains_Developer on Unity\Разработка 3D-игр\My_Game\MyHorror\Library\PackageCache\com.unity.visualscripting@1.6.1\Editor\VisualScripting.Core\Dependencies\DotNetZip\Unity.VisualScripting.IonicZip.dll
Native extension for WindowsStandalone target not found
Refreshing native plugins compatible for Editor in 1.20 ms, found 3 plugins.
Preloading 0 native plugins for Editor in 0.00 ms.
Mono: successfully reloaded assembly
- Completed reload, in  0.940 seconds
Domain Reload Profiling:
	ReloadAssembly (940ms)
		BeginReloadAssembly (95ms)
			ExecutionOrderSort (0ms)
			DisableScriptedObjects (6ms)
			BackupInstance (0ms)
			ReleaseScriptingObjects (0ms)
			CreateAndSetChildDomain (29ms)
		EndReloadAssembly (802ms)
			LoadAssemblies (63ms)
			RebuildTransferFunctionScriptingTraits (0ms)
			SetupTypeCache (313ms)
			ReleaseScriptCaches (1ms)
			RebuildScriptCaches (38ms)
			SetupLoadedEditorAssemblies (268ms)
				LogAssemblyErrors (0ms)
				InitializePlatformSupportModulesInManaged (4ms)
				SetLoadedEditorAssemblies (0ms)
				RefreshPlugins (1ms)
				BeforeProcessingInitializeOnLoad (50ms)
				ProcessInitializeOnLoadAttributes (205ms)
				ProcessInitializeOnLoadMethodAttributes (6ms)
				AfterProcessingInitializeOnLoad (2ms)
				EditorAssembliesLoaded (0ms)
			ExecutionOrderSort2 (0ms)
			AwakeInstancesAfterBackupRestoration (16ms)
Platform modules already initialized, skipping
Shader 'Universal Render Pipeline/Particles/Lit': fallback shader 'Universal Render Pipeline/Particles/SimpleLit' not found
Shader 'Universal Render Pipeline/Particles/Lit': fallback shader 'Universal Render Pipeline/Particles/SimpleLit' not found
Refreshing native plugins compatible for Editor in 1.28 ms, found 3 plugins.
Preloading 0 native plugins for Editor in 0.00 ms.
Unloading 4660 Unused Serialized files (Serialized files now loaded: 0)
System memory in use before: 263.7 MB.
System memory in use after: 262.3 MB.

Unloading 39 unused Assets to reduce memory usage. Loaded Objects now: 5609.
Total: 4.458800 ms (FindLiveObjects: 0.484200 ms CreateObjectMapping: 0.411400 ms MarkObjects: 2.658900 ms  DeleteObjects: 0.903100 ms)

AssetImportParameters requested are different than current active one (requested -> active):
  custom:framework-win-MediaFoundation: 216162199b28c13a410421893ffa2e32 -> 
  custom:video-decoder-ogg-theora: a1e56fd34408186e4bbccfd4996cb3dc -> 
  custom:container-muxer-webm: aa71ff27fc2769a1b78a27578f13a17b -> 
  custom:container-demuxer-webm: 4f35f7cbe854078d1ac9338744f61a02 -> 
  custom:container-demuxer-ogg: 62fdf1f143b41e24485cea50d1cbac27 -> 
  custom:video-encoder-webm-vp8: eb34c28f22e8b96e1ab97ce403110664 -> 
  custom:video-decoder-webm-vp8: 9c59270c3fd7afecdb556c50c9e8de78 -> 
  custom:audio-decoder-ogg-vorbis: bf7c407c2cedff20999df2af8eb42d56 -> 
  custom:audio-encoder-webm-vorbis: bf7c407c2cedff20999df2af8eb42d56 -> 
========================================================================
Received Import Request.
  Time since last request: 400.382651 seconds.
  path: Assets/Scenes/SampleScene/Post_process_HW_7 Profile.asset
  artifactKey: Guid(92cf94fdd80de574f9d53e3fc6e4bdd5) Importer(815301076,1909f56bfc062723c751e8b465ee728b)
Start importing Assets/Scenes/SampleScene/Post_process_HW_7 Profile.asset using Guid(92cf94fdd80de574f9d53e3fc6e4bdd5) Importer(815301076,1909f56bfc062723c751e8b465ee728b)  -> (artifact id: '5ee5678c836c6588c6f1efe826af8e83') in 0.271424 seconds 
========================================================================
Received Import Request.
  Time since last request: 455.459690 seconds.
  path: Assets/Animations/Round.anim
  artifactKey: Guid(d944b8243bc9a5e488b3db53cf1dd18b) Importer(815301076,1909f56bfc062723c751e8b465ee728b)
Start importing Assets/Animations/Round.anim using Guid(d944b8243bc9a5e488b3db53cf1dd18b) Importer(815301076,1909f56bfc062723c751e8b465ee728b)  -> (artifact id: '7f4167a2ec8b5eb516bd8dd2ec945e9f') in 0.008397 seconds 
========================================================================
Received Import Request.
  Time since last request: 23.637735 seconds.
  path: Assets/Animations/Twist.anim
  artifactKey: Guid(d944b8243bc9a5e488b3db53cf1dd18b) Importer(815301076,1909f56bfc062723c751e8b465ee728b)
Start importing Assets/Animations/Twist.anim using Guid(d944b8243bc9a5e488b3db53cf1dd18b) Importer(815301076,1909f56bfc062723c751e8b465ee728b)  -> (artifact id: 'e337707b8aa5565f6ae946af5c5777f0') in 0.006496 seconds 
========================================================================
Received Import Request.
  Time since last request: 362.215013 seconds.
  path: Assets/Animations/Twist.anim
  artifactKey: Guid(d944b8243bc9a5e488b3db53cf1dd18b) Importer(815301076,1909f56bfc062723c751e8b465ee728b)
Start importing Assets/Animations/Twist.anim using Guid(d944b8243bc9a5e488b3db53cf1dd18b) Importer(815301076,1909f56bfc062723c751e8b465ee728b)  -> (artifact id: 'd074be27fb3c3708dd76200bd7c5ec01') in 0.002273 seconds 
========================================================================
Received Prepare
Registering precompiled user dll's ...
Registered in 0.003570 seconds.
Begin MonoManager ReloadAssembly
Symbol file LoadedFromMemory doesn't match image D:\Geekbrains_Developer on Unity\Разработка 3D-игр\My_Game\MyHorror\Library\PackageCache\com.unity.visualscripting@1.6.1\Editor\VisualScripting.Core\Dependencies\YamlDotNet\Unity.VisualScripting.YamlDotNet.dll
Symbol file LoadedFromMemory doesn't match image D:\Geekbrains_Developer on Unity\Разработка 3D-игр\My_Game\MyHorror\Library\PackageCache\com.unity.visualscripting@1.6.1\Editor\VisualScripting.Core\Dependencies\DotNetZip\Unity.VisualScripting.IonicZip.dll
Native extension for WindowsStandalone target not found
Refreshing native plugins compatible for Editor in 0.79 ms, found 3 plugins.
Preloading 0 native plugins for Editor in 0.00 ms.
Mono: successfully reloaded assembly
- Completed reload, in  0.975 seconds
Domain Reload Profiling:
	ReloadAssembly (975ms)
		BeginReloadAssembly (106ms)
			ExecutionOrderSort (0ms)
			DisableScriptedObjects (7ms)
			BackupInstance (0ms)
			ReleaseScriptingObjects (0ms)
			CreateAndSetChildDomain (37ms)
		EndReloadAssembly (825ms)
			LoadAssemblies (72ms)
			RebuildTransferFunctionScriptingTraits (0ms)
			SetupTypeCache (316ms)
			ReleaseScriptCaches (1ms)
			RebuildScriptCaches (39ms)
			SetupLoadedEditorAssemblies (274ms)
				LogAssemblyErrors (0ms)
				InitializePlatformSupportModulesInManaged (4ms)
				SetLoadedEditorAssemblies (0ms)
				RefreshPlugins (1ms)
				BeforeProcessingInitializeOnLoad (51ms)
				ProcessInitializeOnLoadAttributes (210ms)
				ProcessInitializeOnLoadMethodAttributes (6ms)
				AfterProcessingInitializeOnLoad (2ms)
				EditorAssembliesLoaded (0ms)
			ExecutionOrderSort2 (0ms)
			AwakeInstancesAfterBackupRestoration (16ms)
Platform modules already initialized, skipping
Shader 'Universal Render Pipeline/Particles/Lit': fallback shader 'Universal Render Pipeline/Particles/SimpleLit' not found
Shader 'Universal Render Pipeline/Particles/Lit': fallback shader 'Universal Render Pipeline/Particles/SimpleLit' not found
Refreshing native plugins compatible for Editor in 0.90 ms, found 3 plugins.
Preloading 0 native plugins for Editor in 0.00 ms.
Unloading 4660 Unused Serialized files (Serialized files now loaded: 0)
System memory in use before: 263.7 MB.
System memory in use after: 262.4 MB.

Unloading 39 unused Assets to reduce memory usage. Loaded Objects now: 5611.
Total: 3.932000 ms (FindLiveObjects: 0.645800 ms CreateObjectMapping: 0.454300 ms MarkObjects: 2.158400 ms  DeleteObjects: 0.652300 ms)

AssetImportParameters requested are different than current active one (requested -> active):
  custom:framework-win-MediaFoundation: 216162199b28c13a410421893ffa2e32 -> 
  custom:video-decoder-ogg-theora: a1e56fd34408186e4bbccfd4996cb3dc -> 
  custom:container-muxer-webm: aa71ff27fc2769a1b78a27578f13a17b -> 
  custom:container-demuxer-webm: 4f35f7cbe854078d1ac9338744f61a02 -> 
  custom:container-demuxer-ogg: 62fdf1f143b41e24485cea50d1cbac27 -> 
  custom:video-encoder-webm-vp8: eb34c28f22e8b96e1ab97ce403110664 -> 
  custom:video-decoder-webm-vp8: 9c59270c3fd7afecdb556c50c9e8de78 -> 
  custom:audio-decoder-ogg-vorbis: bf7c407c2cedff20999df2af8eb42d56 -> 
  custom:audio-encoder-webm-vorbis: bf7c407c2cedff20999df2af8eb42d56 -> 
========================================================================
Received Import Request.
  Time since last request: 245.034577 seconds.
  path: Assets/Animations/New Animation.anim
  artifactKey: Guid(3df3cdee24e47a6488761b953cad5b90) Importer(815301076,1909f56bfc062723c751e8b465ee728b)
Start importing Assets/Animations/New Animation.anim using Guid(3df3cdee24e47a6488761b953cad5b90) Importer(815301076,1909f56bfc062723c751e8b465ee728b)  -> (artifact id: 'd48a0c407790033555462384bd945cd5') in 0.103099 seconds 
========================================================================
Received Prepare
Registering precompiled user dll's ...
Registered in 0.003347 seconds.
Begin MonoManager ReloadAssembly
Symbol file LoadedFromMemory doesn't match image D:\Geekbrains_Developer on Unity\Разработка 3D-игр\My_Game\MyHorror\Library\PackageCache\com.unity.visualscripting@1.6.1\Editor\VisualScripting.Core\Dependencies\YamlDotNet\Unity.VisualScripting.YamlDotNet.dll
Symbol file LoadedFromMemory doesn't match image D:\Geekbrains_Developer on Unity\Разработка 3D-игр\My_Game\MyHorror\Library\PackageCache\com.unity.visualscripting@1.6.1\Editor\VisualScripting.Core\Dependencies\DotNetZip\Unity.VisualScripting.IonicZip.dll
Native extension for WindowsStandalone target not found
Refreshing native plugins compatible for Editor in 0.95 ms, found 3 plugins.
Preloading 0 native plugins for Editor in 0.00 ms.
Mono: successfully reloaded assembly
- Completed reload, in  1.068 seconds
Domain Reload Profiling:
	ReloadAssembly (1068ms)
		BeginReloadAssembly (101ms)
			ExecutionOrderSort (0ms)
			DisableScriptedObjects (8ms)
			BackupInstance (0ms)
			ReleaseScriptingObjects (0ms)
			CreateAndSetChildDomain (33ms)
		EndReloadAssembly (921ms)
			LoadAssemblies (74ms)
			RebuildTransferFunctionScriptingTraits (0ms)
			SetupTypeCache (352ms)
			ReleaseScriptCaches (2ms)
			RebuildScriptCaches (46ms)
			SetupLoadedEditorAssemblies (303ms)
				LogAssemblyErrors (0ms)
				InitializePlatformSupportModulesInManaged (4ms)
				SetLoadedEditorAssemblies (0ms)
				RefreshPlugins (1ms)
				BeforeProcessingInitializeOnLoad (60ms)
				ProcessInitializeOnLoadAttributes (228ms)
				ProcessInitializeOnLoadMethodAttributes (6ms)
				AfterProcessingInitializeOnLoad (2ms)
				EditorAssembliesLoaded (0ms)
			ExecutionOrderSort2 (0ms)
			AwakeInstancesAfterBackupRestoration (18ms)
Platform modules already initialized, skipping
Shader 'Universal Render Pipeline/Particles/Lit': fallback shader 'Universal Render Pipeline/Particles/SimpleLit' not found
Shader 'Universal Render Pipeline/Particles/Lit': fallback shader 'Universal Render Pipeline/Particles/SimpleLit' not found
Refreshing native plugins compatible for Editor in 0.87 ms, found 3 plugins.
Preloading 0 native plugins for Editor in 0.00 ms.
Unloading 4660 Unused Serialized files (Serialized files now loaded: 0)
System memory in use before: 263.5 MB.
System memory in use after: 262.2 MB.

Unloading 39 unused Assets to reduce memory usage. Loaded Objects now: 5613.
Total: 4.194000 ms (FindLiveObjects: 0.358400 ms CreateObjectMapping: 0.291100 ms MarkObjects: 2.882100 ms  DeleteObjects: 0.661700 ms)

AssetImportParameters requested are different than current active one (requested -> active):
  custom:framework-win-MediaFoundation: 216162199b28c13a410421893ffa2e32 -> 
  custom:video-decoder-ogg-theora: a1e56fd34408186e4bbccfd4996cb3dc -> 
  custom:container-muxer-webm: aa71ff27fc2769a1b78a27578f13a17b -> 
  custom:container-demuxer-webm: 4f35f7cbe854078d1ac9338744f61a02 -> 
  custom:container-demuxer-ogg: 62fdf1f143b41e24485cea50d1cbac27 -> 
  custom:video-encoder-webm-vp8: eb34c28f22e8b96e1ab97ce403110664 -> 
  custom:video-decoder-webm-vp8: 9c59270c3fd7afecdb556c50c9e8de78 -> 
  custom:audio-decoder-ogg-vorbis: bf7c407c2cedff20999df2af8eb42d56 -> 
  custom:audio-encoder-webm-vorbis: bf7c407c2cedff20999df2af8eb42d56 -> 
========================================================================
Received Prepare
Registering precompiled user dll's ...
Registered in 0.003789 seconds.
Begin MonoManager ReloadAssembly
Symbol file LoadedFromMemory doesn't match image D:\Geekbrains_Developer on Unity\Разработка 3D-игр\My_Game\MyHorror\Library\PackageCache\com.unity.visualscripting@1.6.1\Editor\VisualScripting.Core\Dependencies\YamlDotNet\Unity.VisualScripting.YamlDotNet.dll
Symbol file LoadedFromMemory doesn't match image D:\Geekbrains_Developer on Unity\Разработка 3D-игр\My_Game\MyHorror\Library\PackageCache\com.unity.visualscripting@1.6.1\Editor\VisualScripting.Core\Dependencies\DotNetZip\Unity.VisualScripting.IonicZip.dll
Native extension for WindowsStandalone target not found
Refreshing native plugins compatible for Editor in 0.82 ms, found 3 plugins.
Preloading 0 native plugins for Editor in 0.00 ms.
Mono: successfully reloaded assembly
- Completed reload, in  0.988 seconds
Domain Reload Profiling:
	ReloadAssembly (989ms)
		BeginReloadAssembly (98ms)
			ExecutionOrderSort (0ms)
			DisableScriptedObjects (7ms)
			BackupInstance (0ms)
			ReleaseScriptingObjects (0ms)
			CreateAndSetChildDomain (31ms)
		EndReloadAssembly (843ms)
			LoadAssemblies (70ms)
			RebuildTransferFunctionScriptingTraits (0ms)
			SetupTypeCache (304ms)
			ReleaseScriptCaches (1ms)
			RebuildScriptCaches (44ms)
			SetupLoadedEditorAssemblies (294ms)
				LogAssemblyErrors (0ms)
				InitializePlatformSupportModulesInManaged (4ms)
				SetLoadedEditorAssemblies (0ms)
				RefreshPlugins (1ms)
				BeforeProcessingInitializeOnLoad (57ms)
				ProcessInitializeOnLoadAttributes (224ms)
				ProcessInitializeOnLoadMethodAttributes (6ms)
				AfterProcessingInitializeOnLoad (2ms)
				EditorAssembliesLoaded (0ms)
			ExecutionOrderSort2 (0ms)
			AwakeInstancesAfterBackupRestoration (20ms)
Platform modules already initialized, skipping
Shader 'Universal Render Pipeline/Particles/Lit': fallback shader 'Universal Render Pipeline/Particles/SimpleLit' not found
Shader 'Universal Render Pipeline/Particles/Lit': fallback shader 'Universal Render Pipeline/Particles/SimpleLit' not found
Refreshing native plugins compatible for Editor in 1.18 ms, found 3 plugins.
Preloading 0 native plugins for Editor in 0.00 ms.
Unloading 4660 Unused Serialized files (Serialized files now loaded: 0)
System memory in use before: 263.7 MB.
System memory in use after: 262.4 MB.

Unloading 39 unused Assets to reduce memory usage. Loaded Objects now: 5615.
Total: 4.604000 ms (FindLiveObjects: 0.446400 ms CreateObjectMapping: 0.402500 ms MarkObjects: 3.003400 ms  DeleteObjects: 0.750500 ms)

AssetImportParameters requested are different than current active one (requested -> active):
  custom:framework-win-MediaFoundation: 216162199b28c13a410421893ffa2e32 -> 
  custom:video-decoder-ogg-theora: a1e56fd34408186e4bbccfd4996cb3dc -> 
  custom:container-muxer-webm: aa71ff27fc2769a1b78a27578f13a17b -> 
  custom:container-demuxer-webm: 4f35f7cbe854078d1ac9338744f61a02 -> 
  custom:container-demuxer-ogg: 62fdf1f143b41e24485cea50d1cbac27 -> 
  custom:video-encoder-webm-vp8: eb34c28f22e8b96e1ab97ce403110664 -> 
  custom:video-decoder-webm-vp8: 9c59270c3fd7afecdb556c50c9e8de78 -> 
  custom:audio-decoder-ogg-vorbis: bf7c407c2cedff20999df2af8eb42d56 -> 
  custom:audio-encoder-webm-vorbis: bf7c407c2cedff20999df2af8eb42d56 -> 
========================================================================
Received Prepare
Registering precompiled user dll's ...
Registered in 0.003595 seconds.
Begin MonoManager ReloadAssembly
Symbol file LoadedFromMemory doesn't match image D:\Geekbrains_Developer on Unity\Разработка 3D-игр\My_Game\MyHorror\Library\PackageCache\com.unity.visualscripting@1.6.1\Editor\VisualScripting.Core\Dependencies\YamlDotNet\Unity.VisualScripting.YamlDotNet.dll
Symbol file LoadedFromMemory doesn't match image D:\Geekbrains_Developer on Unity\Разработка 3D-игр\My_Game\MyHorror\Library\PackageCache\com.unity.visualscripting@1.6.1\Editor\VisualScripting.Core\Dependencies\DotNetZip\Unity.VisualScripting.IonicZip.dll
Native extension for WindowsStandalone target not found
Refreshing native plugins compatible for Editor in 0.94 ms, found 3 plugins.
Preloading 0 native plugins for Editor in 0.00 ms.
Mono: successfully reloaded assembly
- Completed reload, in  1.123 seconds
Domain Reload Profiling:
	ReloadAssembly (1123ms)
		BeginReloadAssembly (105ms)
			ExecutionOrderSort (0ms)
			DisableScriptedObjects (7ms)
			BackupInstance (0ms)
			ReleaseScriptingObjects (0ms)
			CreateAndSetChildDomain (36ms)
		EndReloadAssembly (966ms)
			LoadAssemblies (81ms)
			RebuildTransferFunctionScriptingTraits (0ms)
			SetupTypeCache (377ms)
			ReleaseScriptCaches (2ms)
			RebuildScriptCaches (45ms)
			SetupLoadedEditorAssemblies (319ms)
				LogAssemblyErrors (0ms)
				InitializePlatformSupportModulesInManaged (5ms)
				SetLoadedEditorAssemblies (0ms)
				RefreshPlugins (1ms)
				BeforeProcessingInitializeOnLoad (59ms)
				ProcessInitializeOnLoadAttributes (244ms)
				ProcessInitializeOnLoadMethodAttributes (7ms)
				AfterProcessingInitializeOnLoad (2ms)
				EditorAssembliesLoaded (0ms)
			ExecutionOrderSort2 (0ms)
			AwakeInstancesAfterBackupRestoration (21ms)
Platform modules already initialized, skipping
Shader 'Universal Render Pipeline/Particles/Lit': fallback shader 'Universal Render Pipeline/Particles/SimpleLit' not found
Shader 'Universal Render Pipeline/Particles/Lit': fallback shader 'Universal Render Pipeline/Particles/SimpleLit' not found
Refreshing native plugins compatible for Editor in 1.09 ms, found 3 plugins.
Preloading 0 native plugins for Editor in 0.00 ms.
Unloading 4660 Unused Serialized files (Serialized files now loaded: 0)
System memory in use before: 263.8 MB.
System memory in use after: 262.5 MB.

Unloading 39 unused Assets to reduce memory usage. Loaded Objects now: 5617.
Total: 4.523800 ms (FindLiveObjects: 0.425800 ms CreateObjectMapping: 0.298800 ms MarkObjects: 3.030700 ms  DeleteObjects: 0.767200 ms)

AssetImportParameters requested are different than current active one (requested -> active):
  custom:framework-win-MediaFoundation: 216162199b28c13a410421893ffa2e32 -> 
  custom:video-decoder-ogg-theora: a1e56fd34408186e4bbccfd4996cb3dc -> 
  custom:container-muxer-webm: aa71ff27fc2769a1b78a27578f13a17b -> 
  custom:container-demuxer-webm: 4f35f7cbe854078d1ac9338744f61a02 -> 
  custom:container-demuxer-ogg: 62fdf1f143b41e24485cea50d1cbac27 -> 
  custom:video-encoder-webm-vp8: eb34c28f22e8b96e1ab97ce403110664 -> 
  custom:video-decoder-webm-vp8: 9c59270c3fd7afecdb556c50c9e8de78 -> 
  custom:audio-decoder-ogg-vorbis: bf7c407c2cedff20999df2af8eb42d56 -> 
  custom:audio-encoder-webm-vorbis: bf7c407c2cedff20999df2af8eb42d56 -> 
========================================================================
Received Prepare
Switching render pipeline 19ba41d7c0026c3459d37c2fe90c55a0 -> 1cb90824f1d7da449a9c792eaff4c9e8
Shader 'Universal Render Pipeline/Particles/Lit': fallback shader 'Universal Render Pipeline/Particles/SimpleLit' not found
Shader 'Universal Render Pipeline/Particles/Lit': fallback shader 'Universal Render Pipeline/Particles/SimpleLit' not found
Refreshing native plugins compatible for Editor in 3.18 ms, found 3 plugins.
Preloading 0 native plugins for Editor in 0.00 ms.
Unloading 39 Unused Serialized files (Serialized files now loaded: 0)
System memory in use before: 170.9 MB.
System memory in use after: 169.6 MB.

Unloading 37 unused Assets to reduce memory usage. Loaded Objects now: 5619.
Total: 4.139500 ms (FindLiveObjects: 0.400600 ms CreateObjectMapping: 0.278200 ms MarkObjects: 2.780400 ms  DeleteObjects: 0.679200 ms)

AssetImportParameters requested are different than current active one (requested -> active):
  custom:framework-win-MediaFoundation: 216162199b28c13a410421893ffa2e32 -> 
  custom:video-decoder-ogg-theora: a1e56fd34408186e4bbccfd4996cb3dc -> 
  custom:container-muxer-webm: aa71ff27fc2769a1b78a27578f13a17b -> 
  custom:container-demuxer-webm: 4f35f7cbe854078d1ac9338744f61a02 -> 
  custom:container-demuxer-ogg: 62fdf1f143b41e24485cea50d1cbac27 -> 
  custom:video-encoder-webm-vp8: eb34c28f22e8b96e1ab97ce403110664 -> 
  custom:video-decoder-webm-vp8: 9c59270c3fd7afecdb556c50c9e8de78 -> 
  custom:audio-decoder-ogg-vorbis: bf7c407c2cedff20999df2af8eb42d56 -> 
  custom:audio-encoder-webm-vorbis: bf7c407c2cedff20999df2af8eb42d56 -> 
========================================================================
Received Prepare
Registering precompiled user dll's ...
Registered in 0.003538 seconds.
Begin MonoManager ReloadAssembly
Symbol file LoadedFromMemory doesn't match image D:\Geekbrains_Developer on Unity\Разработка 3D-игр\My_Game\MyHorror\Library\PackageCache\com.unity.visualscripting@1.6.1\Editor\VisualScripting.Core\Dependencies\YamlDotNet\Unity.VisualScripting.YamlDotNet.dll
Symbol file LoadedFromMemory doesn't match image D:\Geekbrains_Developer on Unity\Разработка 3D-игр\My_Game\MyHorror\Library\PackageCache\com.unity.visualscripting@1.6.1\Editor\VisualScripting.Core\Dependencies\DotNetZip\Unity.VisualScripting.IonicZip.dll
Native extension for WindowsStandalone target not found
Refreshing native plugins compatible for Editor in 0.94 ms, found 3 plugins.
Preloading 0 native plugins for Editor in 0.00 ms.
Mono: successfully reloaded assembly
- Completed reload, in  1.114 seconds
Domain Reload Profiling:
	ReloadAssembly (1114ms)
		BeginReloadAssembly (99ms)
			ExecutionOrderSort (0ms)
			DisableScriptedObjects (6ms)
			BackupInstance (0ms)
			ReleaseScriptingObjects (0ms)
			CreateAndSetChildDomain (30ms)
		EndReloadAssembly (969ms)
			LoadAssemblies (67ms)
			RebuildTransferFunctionScriptingTraits (0ms)
			SetupTypeCache (381ms)
			ReleaseScriptCaches (2ms)
			RebuildScriptCaches (50ms)
			SetupLoadedEditorAssemblies (319ms)
				LogAssemblyErrors (0ms)
				InitializePlatformSupportModulesInManaged (5ms)
				SetLoadedEditorAssemblies (0ms)
				RefreshPlugins (1ms)
				BeforeProcessingInitializeOnLoad (63ms)
				ProcessInitializeOnLoadAttributes (241ms)
				ProcessInitializeOnLoadMethodAttributes (6ms)
				AfterProcessingInitializeOnLoad (2ms)
				EditorAssembliesLoaded (0ms)
			ExecutionOrderSort2 (0ms)
			AwakeInstancesAfterBackupRestoration (18ms)
Platform modules already initialized, skipping
Shader 'Universal Render Pipeline/Particles/Lit': fallback shader 'Universal Render Pipeline/Particles/SimpleLit' not found
Shader 'Universal Render Pipeline/Particles/Lit': fallback shader 'Universal Render Pipeline/Particles/SimpleLit' not found
Refreshing native plugins compatible for Editor in 0.84 ms, found 3 plugins.
Preloading 0 native plugins for Editor in 0.00 ms.
Unloading 4660 Unused Serialized files (Serialized files now loaded: 0)
System memory in use before: 263.8 MB.
System memory in use after: 262.5 MB.

Unloading 39 unused Assets to reduce memory usage. Loaded Objects now: 5621.
Total: 3.858800 ms (FindLiveObjects: 0.510200 ms CreateObjectMapping: 0.321200 ms MarkObjects: 2.290600 ms  DeleteObjects: 0.735800 ms)

AssetImportParameters requested are different than current active one (requested -> active):
  custom:framework-win-MediaFoundation: 216162199b28c13a410421893ffa2e32 -> 
  custom:video-decoder-ogg-theora: a1e56fd34408186e4bbccfd4996cb3dc -> 
  custom:container-muxer-webm: aa71ff27fc2769a1b78a27578f13a17b -> 
  custom:container-demuxer-webm: 4f35f7cbe854078d1ac9338744f61a02 -> 
  custom:container-demuxer-ogg: 62fdf1f143b41e24485cea50d1cbac27 -> 
  custom:video-encoder-webm-vp8: eb34c28f22e8b96e1ab97ce403110664 -> 
  custom:video-decoder-webm-vp8: 9c59270c3fd7afecdb556c50c9e8de78 -> 
  custom:audio-decoder-ogg-vorbis: bf7c407c2cedff20999df2af8eb42d56 -> 
  custom:audio-encoder-webm-vorbis: bf7c407c2cedff20999df2af8eb42d56 -> 
========================================================================
Received Import Request.
  Time since last request: 3589.706269 seconds.
  path: Assets/AssetStore/low poly medieval buildings/bakery.fbx
  artifactKey: Guid(c034964186ba73843abf9c751bd0423a) Importer(815301076,1909f56bfc062723c751e8b465ee728b)
Start importing Assets/AssetStore/low poly medieval buildings/bakery.fbx using Guid(c034964186ba73843abf9c751bd0423a) Importer(815301076,1909f56bfc062723c751e8b465ee728b)  -> (artifact id: '6a19be7234a009661f4858eb3316e61d') in 0.246579 seconds 
========================================================================
Received Import Request.
  Time since last request: 0.000164 seconds.
  path: Assets/AssetStore/low poly medieval buildings/tower_corner.fbx
  artifactKey: Guid(5ac5831a4705b70489955062116ed0e6) Importer(815301076,1909f56bfc062723c751e8b465ee728b)
Start importing Assets/AssetStore/low poly medieval buildings/tower_corner.fbx using Guid(5ac5831a4705b70489955062116ed0e6) Importer(815301076,1909f56bfc062723c751e8b465ee728b)  -> (artifact id: '4ed4ae549674c0cd76a976fd7641194b') in 0.024772 seconds 
========================================================================
Received Import Request.
  Time since last request: 0.000168 seconds.
  path: Assets/AssetStore/low poly medieval buildings/ironworks.fbx
  artifactKey: Guid(dcde1f44ae7793645b90074bc2c5871f) Importer(815301076,1909f56bfc062723c751e8b465ee728b)
Start importing Assets/AssetStore/low poly medieval buildings/ironworks.fbx using Guid(dcde1f44ae7793645b90074bc2c5871f) Importer(815301076,1909f56bfc062723c751e8b465ee728b)  -> (artifact id: 'a22050825066c6f9096f4d5473ff8423') in 0.038725 seconds 
========================================================================
Received Import Request.
  Time since last request: 0.000153 seconds.
  path: Assets/AssetStore/low poly medieval buildings/market.fbx
  artifactKey: Guid(515d5ee6ed53daa45974b3b9e180c1c6) Importer(815301076,1909f56bfc062723c751e8b465ee728b)
Start importing Assets/AssetStore/low poly medieval buildings/market.fbx using Guid(515d5ee6ed53daa45974b3b9e180c1c6) Importer(815301076,1909f56bfc062723c751e8b465ee728b)  -> (artifact id: 'c8f28a60101f11311e9e70fc31f0abd6') in 0.020272 seconds 
========================================================================
Received Import Request.
  Time since last request: 0.000191 seconds.
  path: Assets/AssetStore/low poly medieval buildings/dairy.fbx
  artifactKey: Guid(58479c4b1e7fbec489650179ed19f798) Importer(815301076,1909f56bfc062723c751e8b465ee728b)
Start importing Assets/AssetStore/low poly medieval buildings/dairy.fbx using Guid(58479c4b1e7fbec489650179ed19f798) Importer(815301076,1909f56bfc062723c751e8b465ee728b)  -> (artifact id: 'f8d16ad0b04df001dc625a8c44e90c57') in 0.032811 seconds 
========================================================================
Received Import Request.
  Time since last request: 0.000141 seconds.
  path: Assets/AssetStore/low poly medieval buildings/tower_round.fbx
  artifactKey: Guid(b6055f26d5a29104581db22650507f4a) Importer(815301076,1909f56bfc062723c751e8b465ee728b)
Start importing Assets/AssetStore/low poly medieval buildings/tower_round.fbx using Guid(b6055f26d5a29104581db22650507f4a) Importer(815301076,1909f56bfc062723c751e8b465ee728b)  -> (artifact id: '5761c81d0ef02ebd7abf69fe0ceff1e2') in 0.019902 seconds 
========================================================================
Received Import Request.
  Time since last request: 0.000176 seconds.
  path: Assets/AssetStore/low poly medieval buildings/house.fbx
  artifactKey: Guid(81ae10d5415799d4db940c6fe498e861) Importer(815301076,1909f56bfc062723c751e8b465ee728b)
Start importing Assets/AssetStore/low poly medieval buildings/house.fbx using Guid(81ae10d5415799d4db940c6fe498e861) Importer(815301076,1909f56bfc062723c751e8b465ee728b)  -> (artifact id: '65d2f8e56c72137887d99a8cc5f9ae84') in 0.030335 seconds 
========================================================================
Received Import Request.
  Time since last request: 0.000191 seconds.
  path: Assets/AssetStore/low poly medieval buildings/slaughterhouse.fbx
  artifactKey: Guid(bb8c0e8eb3d69064a8ae10b5e0d62d8b) Importer(815301076,1909f56bfc062723c751e8b465ee728b)
Start importing Assets/AssetStore/low poly medieval buildings/slaughterhouse.fbx using Guid(bb8c0e8eb3d69064a8ae10b5e0d62d8b) Importer(815301076,1909f56bfc062723c751e8b465ee728b)  -> (artifact id: '102d9ca2d6c4aaf176ba77736d7fa9db') in 0.021274 seconds 
========================================================================
Received Import Request.
  Time since last request: 0.000168 seconds.
  path: Assets/AssetStore/low poly medieval buildings/smith.fbx
  artifactKey: Guid(8e087afc636a7f643a64e9a824233e88) Importer(815301076,1909f56bfc062723c751e8b465ee728b)
Start importing Assets/AssetStore/low poly medieval buildings/smith.fbx using Guid(8e087afc636a7f643a64e9a824233e88) Importer(815301076,1909f56bfc062723c751e8b465ee728b)  -> (artifact id: '9bd82c78f0b0ae94836a4c373b7db531') in 0.028373 seconds 
========================================================================
Received Import Request.
  Time since last request: 0.000208 seconds.
  path: Assets/AssetStore/low poly medieval buildings/barrack.fbx
  artifactKey: Guid(ceae2dc210e1e7e459a3eb0a6de39b4d) Importer(815301076,1909f56bfc062723c751e8b465ee728b)
Start importing Assets/AssetStore/low poly medieval buildings/barrack.fbx using Guid(ceae2dc210e1e7e459a3eb0a6de39b4d) Importer(815301076,1909f56bfc062723c751e8b465ee728b)  -> (artifact id: 'd345c91f6e5e272007154dc765ccc801') in 0.024725 seconds 
========================================================================
Received Import Request.
  Time since last request: 0.000149 seconds.
  path: Assets/AssetStore/low poly medieval buildings/tower_small.fbx
  artifactKey: Guid(749452c483f72ef47acbba156497acfa) Importer(815301076,1909f56bfc062723c751e8b465ee728b)
Start importing Assets/AssetStore/low poly medieval buildings/tower_small.fbx using Guid(749452c483f72ef47acbba156497acfa) Importer(815301076,1909f56bfc062723c751e8b465ee728b)  -> (artifact id: '9839a89a54e87398c629dd500d4effba') in 0.030063 seconds 
========================================================================
Received Import Request.
  Time since last request: 0.000146 seconds.
  path: Assets/AssetStore/low poly medieval buildings/palisade.fbx
  artifactKey: Guid(6b0df067d8acef346aae1d839098fcbb) Importer(815301076,1909f56bfc062723c751e8b465ee728b)
Start importing Assets/AssetStore/low poly medieval buildings/palisade.fbx using Guid(6b0df067d8acef346aae1d839098fcbb) Importer(815301076,1909f56bfc062723c751e8b465ee728b)  -> (artifact id: '1caa60c1f4e8b92ecc83fb97e0025a91') in 0.020160 seconds 
========================================================================
Received Import Request.
  Time since last request: 0.000153 seconds.
  path: Assets/AssetStore/low poly medieval buildings/warehouse.fbx
  artifactKey: Guid(686c3e7542d82a24cba72016aa7c9ba3) Importer(815301076,1909f56bfc062723c751e8b465ee728b)
Start importing Assets/AssetStore/low poly medieval buildings/warehouse.fbx using Guid(686c3e7542d82a24cba72016aa7c9ba3) Importer(815301076,1909f56bfc062723c751e8b465ee728b)  -> (artifact id: '0d5c030871d3f385de1aa8022882f75f') in 0.025786 seconds 
========================================================================
Received Import Request.
  Time since last request: 0.000154 seconds.
  path: Assets/AssetStore/low poly medieval buildings/mine.fbx
  artifactKey: Guid(53bcbe80f2d2a0b43987b394e46d45b2) Importer(815301076,1909f56bfc062723c751e8b465ee728b)
Start importing Assets/AssetStore/low poly medieval buildings/mine.fbx using Guid(53bcbe80f2d2a0b43987b394e46d45b2) Importer(815301076,1909f56bfc062723c751e8b465ee728b)  -> (artifact id: 'fe9a93a4e04e8664b61e6709755c3be4') in 0.024983 seconds 
========================================================================
Received Import Request.
  Time since last request: 0.000151 seconds.
  path: Assets/AssetStore/low poly medieval buildings/quarry.fbx
  artifactKey: Guid(0933f6a03cb7a9949b12517e3254da12) Importer(815301076,1909f56bfc062723c751e8b465ee728b)
Start importing Assets/AssetStore/low poly medieval buildings/quarry.fbx using Guid(0933f6a03cb7a9949b12517e3254da12) Importer(815301076,1909f56bfc062723c751e8b465ee728b)  -> (artifact id: '2330e4927f35a82d9a4dfa64149ea954') in 0.024256 seconds 
========================================================================
Received Import Request.
  Time since last request: 0.000149 seconds.
  path: Assets/AssetStore/low poly medieval buildings/sawmill.fbx
  artifactKey: Guid(7173c2ccddc9b8b45b46f613abf5018c) Importer(815301076,1909f56bfc062723c751e8b465ee728b)
Start importing Assets/AssetStore/low poly medieval buildings/sawmill.fbx using Guid(7173c2ccddc9b8b45b46f613abf5018c) Importer(815301076,1909f56bfc062723c751e8b465ee728b)  -> (artifact id: '09a794241ece5b16f677b1c42961b916') in 0.023790 seconds 
========================================================================
Received Import Request.
  Time since last request: 0.000183 seconds.
  path: Assets/AssetStore/low poly medieval buildings/windmill.fbx
  artifactKey: Guid(c784118e8dac13548832e0d70372f14f) Importer(815301076,1909f56bfc062723c751e8b465ee728b)
Start importing Assets/AssetStore/low poly medieval buildings/windmill.fbx using Guid(c784118e8dac13548832e0d70372f14f) Importer(815301076,1909f56bfc062723c751e8b465ee728b)  -> (artifact id: '37c4f229a926e1987bd18bbecba53c3b') in 0.039008 seconds 
========================================================================
Received Import Request.
  Time since last request: 0.000174 seconds.
  path: Assets/AssetStore/low poly medieval buildings/wall.fbx
  artifactKey: Guid(0a3041dcda597954782f48ac8a97bf33) Importer(815301076,1909f56bfc062723c751e8b465ee728b)
Start importing Assets/AssetStore/low poly medieval buildings/wall.fbx using Guid(0a3041dcda597954782f48ac8a97bf33) Importer(815301076,1909f56bfc062723c751e8b465ee728b)  -> (artifact id: 'cbbf6e16bab914a39c76b88c4abcdefa') in 0.020891 seconds 
========================================================================
Received Import Request.
  Time since last request: 0.000157 seconds.
  path: Assets/AssetStore/low poly medieval buildings/tower.fbx
  artifactKey: Guid(1b1855b9ff55aff4e85433c21d07ca92) Importer(815301076,1909f56bfc062723c751e8b465ee728b)
Start importing Assets/AssetStore/low poly medieval buildings/tower.fbx using Guid(1b1855b9ff55aff4e85433c21d07ca92) Importer(815301076,1909f56bfc062723c751e8b465ee728b)  -> (artifact id: '9a879e0e6242fd7c37986890c619c354') in 0.021781 seconds 
========================================================================
Received Import Request.
  Time since last request: 0.000292 seconds.
  path: Assets/AssetStore/low poly medieval buildings/gate.fbx
  artifactKey: Guid(1e5a558e79eeb2045a71c5f092852cf1) Importer(815301076,1909f56bfc062723c751e8b465ee728b)
Start importing Assets/AssetStore/low poly medieval buildings/gate.fbx using Guid(1e5a558e79eeb2045a71c5f092852cf1) Importer(815301076,1909f56bfc062723c751e8b465ee728b)  -> (artifact id: 'd4cd89d5d71235e11fa9524a9bf58d7a') in 0.026275 seconds 
========================================================================
Received Import Request.
  Time since last request: 0.000127 seconds.
  path: Assets/AssetStore/low poly medieval buildings/stairs.fbx
  artifactKey: Guid(3d53bdb06508e5545a059e0412b2eee2) Importer(815301076,1909f56bfc062723c751e8b465ee728b)
Start importing Assets/AssetStore/low poly medieval buildings/stairs.fbx using Guid(3d53bdb06508e5545a059e0412b2eee2) Importer(815301076,1909f56bfc062723c751e8b465ee728b)  -> (artifact id: '030789fa0ab321c775cab32597455f9b') in 0.015051 seconds 
========================================================================
Received Import Request.
  Time since last request: 7.720692 seconds.
  path: Assets/AssetStore/Rock Package/Prefabs/Rock_01.prefab
  artifactKey: Guid(30b99e7dc1382e346a7f9789de00de5e) Importer(815301076,1909f56bfc062723c751e8b465ee728b)
Start importing Assets/AssetStore/Rock Package/Prefabs/Rock_01.prefab using Guid(30b99e7dc1382e346a7f9789de00de5e) Importer(815301076,1909f56bfc062723c751e8b465ee728b)  -> (artifact id: '9738e2dbac124e171e7a6633f7a9d1fb') in 0.018478 seconds 
========================================================================
Received Import Request.
  Time since last request: 0.000120 seconds.
  path: Assets/AssetStore/Rock Package/Prefabs/Rock_05.prefab
  artifactKey: Guid(5d10ae558efe6a64d96e5b4d02ec6792) Importer(815301076,1909f56bfc062723c751e8b465ee728b)
Start importing Assets/AssetStore/Rock Package/Prefabs/Rock_05.prefab using Guid(5d10ae558efe6a64d96e5b4d02ec6792) Importer(815301076,1909f56bfc062723c751e8b465ee728b)  -> (artifact id: '11d52cebf4f4424bd0eb6e48514b464c') in 0.018058 seconds 
========================================================================
Received Import Request.
  Time since last request: 0.000326 seconds.
  path: Assets/AssetStore/Rock Package/Prefabs/Rock_06.prefab
  artifactKey: Guid(a649302f8407dd9469e2c5b67b4a0674) Importer(815301076,1909f56bfc062723c751e8b465ee728b)
Start importing Assets/AssetStore/Rock Package/Prefabs/Rock_06.prefab using Guid(a649302f8407dd9469e2c5b67b4a0674) Importer(815301076,1909f56bfc062723c751e8b465ee728b)  -> (artifact id: 'dd879d8127722d4f65d5d15ae6892179') in 0.048793 seconds 
========================================================================
Received Import Request.
  Time since last request: 0.000158 seconds.
  path: Assets/AssetStore/Rock Package/Prefabs/Rock_04.prefab
  artifactKey: Guid(f94554303b4f7094ea5e12fe79985529) Importer(815301076,1909f56bfc062723c751e8b465ee728b)
Start importing Assets/AssetStore/Rock Package/Prefabs/Rock_04.prefab using Guid(f94554303b4f7094ea5e12fe79985529) Importer(815301076,1909f56bfc062723c751e8b465ee728b)  -> (artifact id: '827f388d936aa182874812802eb6ac7b') in 0.044675 seconds 
========================================================================
Received Import Request.
  Time since last request: 0.000167 seconds.
  path: Assets/AssetStore/Rock Package/Prefabs/Rock_03.prefab
  artifactKey: Guid(75fa8bf3a73ee6b4da0c7a2c6d3db6a1) Importer(815301076,1909f56bfc062723c751e8b465ee728b)
Start importing Assets/AssetStore/Rock Package/Prefabs/Rock_03.prefab using Guid(75fa8bf3a73ee6b4da0c7a2c6d3db6a1) Importer(815301076,1909f56bfc062723c751e8b465ee728b)  -> (artifact id: '7a0f8a6f1ff0ea1597d507156d5cac5c') in 0.046156 seconds 
========================================================================
Received Import Request.
  Time since last request: 0.000157 seconds.
  path: Assets/AssetStore/Rock Package/Prefabs/Rock_02.prefab
  artifactKey: Guid(d7ba4fe833670a140b9b6085652f0e26) Importer(815301076,1909f56bfc062723c751e8b465ee728b)
Start importing Assets/AssetStore/Rock Package/Prefabs/Rock_02.prefab using Guid(d7ba4fe833670a140b9b6085652f0e26) Importer(815301076,1909f56bfc062723c751e8b465ee728b)  -> (artifact id: '550c65d19d58b4ed3079f38b6be7f599') in 0.045805 seconds 
========================================================================
Received Import Request.
  Time since last request: 6.212125 seconds.
  path: Assets/AssetStore/Darth_Artisan/Free_Trees/Prefabs
  artifactKey: Guid(2365d38fec1724d4199604c670e1f4a6) Importer(815301076,1909f56bfc062723c751e8b465ee728b)
Start importing Assets/AssetStore/Darth_Artisan/Free_Trees/Prefabs using Guid(2365d38fec1724d4199604c670e1f4a6) Importer(815301076,1909f56bfc062723c751e8b465ee728b)  -> (artifact id: 'c891b17c57ac8fdf9573a46fe0fc06e8') in 0.007626 seconds 
========================================================================
Received Import Request.
  Time since last request: 0.092431 seconds.
  path: Assets/AssetStore/Darth_Artisan/Free_Trees/Prefabs/Fir_Tree.prefab
  artifactKey: Guid(19682540d8a014522a319b1cf788aee2) Importer(815301076,1909f56bfc062723c751e8b465ee728b)
Start importing Assets/AssetStore/Darth_Artisan/Free_Trees/Prefabs/Fir_Tree.prefab using Guid(19682540d8a014522a319b1cf788aee2) Importer(815301076,1909f56bfc062723c751e8b465ee728b)  -> (artifact id: '668f94d338c03b8a5330cee073ed992b') in 0.027501 seconds 
========================================================================
Received Import Request.
  Time since last request: 0.000195 seconds.
  path: Assets/AssetStore/Darth_Artisan/Free_Trees/Prefabs/Poplar_Tree.prefab
  artifactKey: Guid(826b6a0b570e8460990010fa615b5a2a) Importer(815301076,1909f56bfc062723c751e8b465ee728b)
Start importing Assets/AssetStore/Darth_Artisan/Free_Trees/Prefabs/Poplar_Tree.prefab using Guid(826b6a0b570e8460990010fa615b5a2a) Importer(815301076,1909f56bfc062723c751e8b465ee728b)  -> (artifact id: 'a6fbe3bbeb3360065f963c345fd8ac77') in 0.013617 seconds 
========================================================================
Received Import Request.
  Time since last request: 0.000142 seconds.
  path: Assets/AssetStore/Darth_Artisan/Free_Trees/Prefabs/Palm_Tree.prefab
  artifactKey: Guid(c6b7fb383a3534b039692b5485b6e739) Importer(815301076,1909f56bfc062723c751e8b465ee728b)
Start importing Assets/AssetStore/Darth_Artisan/Free_Trees/Prefabs/Palm_Tree.prefab using Guid(c6b7fb383a3534b039692b5485b6e739) Importer(815301076,1909f56bfc062723c751e8b465ee728b)  -> (artifact id: 'f0b5004ae83e82829920618b2e517435') in 0.023331 seconds 
========================================================================
Received Import Request.
  Time since last request: 2499.091802 seconds.
  path: Assets/Materials/CubeMaterial.mat
  artifactKey: Guid(7244a03987c77724db63813f572b40dc) Importer(815301076,1909f56bfc062723c751e8b465ee728b)
Start importing Assets/Materials/CubeMaterial.mat using Guid(7244a03987c77724db63813f572b40dc) Importer(815301076,1909f56bfc062723c751e8b465ee728b)  -> (artifact id: '88e3e6dc513372ebc3124d05b808df8a') in 0.028276 seconds 
========================================================================
Received Import Request.
  Time since last request: 0.000154 seconds.
  path: Assets/Materials/PostProcessMat.mat
  artifactKey: Guid(0e9e94cd4c9584c42800db2de3c38878) Importer(815301076,1909f56bfc062723c751e8b465ee728b)
Start importing Assets/Materials/PostProcessMat.mat using Guid(0e9e94cd4c9584c42800db2de3c38878) Importer(815301076,1909f56bfc062723c751e8b465ee728b)  -> (artifact id: '2b191d6dc2521a39703e48545629cc4e') in 0.009392 seconds 
========================================================================
Received Import Request.
  Time since last request: 0.000153 seconds.
  path: Assets/Materials/ReflectioProbe.mat
  artifactKey: Guid(f328145bf40ca4349a66e0a0579f188a) Importer(815301076,1909f56bfc062723c751e8b465ee728b)
Start importing Assets/Materials/ReflectioProbe.mat using Guid(f328145bf40ca4349a66e0a0579f188a) Importer(815301076,1909f56bfc062723c751e8b465ee728b)  -> (artifact id: '83bd5a820344d65a2f4256168dd4a06a') in 0.009933 seconds 
========================================================================
Received Import Request.
  Time since last request: 0.000226 seconds.
  path: Assets/Materials/leaves.mat
  artifactKey: Guid(ec4474e482a13054899a752c4f00790a) Importer(815301076,1909f56bfc062723c751e8b465ee728b)
Start importing Assets/Materials/leaves.mat using Guid(ec4474e482a13054899a752c4f00790a) Importer(815301076,1909f56bfc062723c751e8b465ee728b)  -> (artifact id: '19b1bd9ce3c55d42829443c81d3b3da0') in 0.010269 seconds 
========================================================================
Received Import Request.
  Time since last request: 0.000241 seconds.
  path: Assets/Materials/SkyboxDay.mat
  artifactKey: Guid(0ffaa0b7117ba8c47a9d05ae701d4b4d) Importer(815301076,1909f56bfc062723c751e8b465ee728b)
Start importing Assets/Materials/SkyboxDay.mat using Guid(0ffaa0b7117ba8c47a9d05ae701d4b4d) Importer(815301076,1909f56bfc062723c751e8b465ee728b)  -> (artifact id: '305dd0a0cea9067eab8e12bdfb8e525f') in 0.013330 seconds 
========================================================================
Received Import Request.
  Time since last request: 0.000140 seconds.
  path: Assets/Materials/tree 1.mat
  artifactKey: Guid(2cbc166d6332db445ae6014ba3b0e9fb) Importer(815301076,1909f56bfc062723c751e8b465ee728b)
Start importing Assets/Materials/tree 1.mat using Guid(2cbc166d6332db445ae6014ba3b0e9fb) Importer(815301076,1909f56bfc062723c751e8b465ee728b)  -> (artifact id: '74d257e7897872881f74cf0e31b494df') in 0.011514 seconds 
========================================================================
Received Import Request.
  Time since last request: 0.000129 seconds.
  path: Assets/Materials/Water.mat
  artifactKey: Guid(e961679628e47674289c1f755c870051) Importer(815301076,1909f56bfc062723c751e8b465ee728b)
Start importing Assets/Materials/Water.mat using Guid(e961679628e47674289c1f755c870051) Importer(815301076,1909f56bfc062723c751e8b465ee728b)  -> (artifact id: 'b735c23917f31e6d0280c608e0fa0345') in 0.010546 seconds 
========================================================================
Received Import Request.
  Time since last request: 0.000168 seconds.
  path: Assets/Materials/SkyboxNight.mat
  artifactKey: Guid(54c53f81d413f8c4da1def5964c5b85d) Importer(815301076,1909f56bfc062723c751e8b465ee728b)
Start importing Assets/Materials/SkyboxNight.mat using Guid(54c53f81d413f8c4da1def5964c5b85d) Importer(815301076,1909f56bfc062723c751e8b465ee728b)  -> (artifact id: 'c7ec2210b1f92fa173e379df03183a97') in 0.010362 seconds 
========================================================================
Received Import Request.
  Time since last request: 0.000136 seconds.
  path: Assets/Materials/Interactive Material.mat
  artifactKey: Guid(3f5463eddc8886f40a7d11c06bfce618) Importer(815301076,1909f56bfc062723c751e8b465ee728b)
Start importing Assets/Materials/Interactive Material.mat using Guid(3f5463eddc8886f40a7d11c06bfce618) Importer(815301076,1909f56bfc062723c751e8b465ee728b)  -> (artifact id: 'a07b096738f842fe3adf0f59f5e2a2f6') in 0.009903 seconds 
========================================================================
Received Import Request.
  Time since last request: 12.381240 seconds.
  path: Assets/Materials/window.mat
  artifactKey: Guid(558c243f907473a4f999a9627fc41431) Importer(815301076,1909f56bfc062723c751e8b465ee728b)
Start importing Assets/Materials/window.mat using Guid(558c243f907473a4f999a9627fc41431) Importer(815301076,1909f56bfc062723c751e8b465ee728b)  -> (artifact id: '46e623044ec0a3a09006ae868d3b0b7f') in 0.018242 seconds 
========================================================================
Received Import Request.
  Time since last request: 747.415103 seconds.
  path: Assets/Materials/window.mat
  artifactKey: Guid(558c243f907473a4f999a9627fc41431) Importer(815301076,1909f56bfc062723c751e8b465ee728b)
Start importing Assets/Materials/window.mat using Guid(558c243f907473a4f999a9627fc41431) Importer(815301076,1909f56bfc062723c751e8b465ee728b)  -> (artifact id: '477d91d94860973c81787fe8cdca861b') in 0.028365 seconds 
========================================================================
Received Prepare
Shader 'Universal Render Pipeline/Particles/Lit': fallback shader 'Universal Render Pipeline/Particles/SimpleLit' not found
Shader 'Universal Render Pipeline/Particles/Lit': fallback shader 'Universal Render Pipeline/Particles/SimpleLit' not found
Refreshing native plugins compatible for Editor in 3.60 ms, found 3 plugins.
Preloading 0 native plugins for Editor in 0.00 ms.
Unloading 37 Unused Serialized files (Serialized files now loaded: 0)
System memory in use before: 171.7 MB.
System memory in use after: 170.4 MB.

Unloading 41 unused Assets to reduce memory usage. Loaded Objects now: 5682.
Total: 9.400300 ms (FindLiveObjects: 0.525700 ms CreateObjectMapping: 0.404900 ms MarkObjects: 5.199200 ms  DeleteObjects: 3.269200 ms)

AssetImportParameters requested are different than current active one (requested -> active):
  custom:framework-win-MediaFoundation: 216162199b28c13a410421893ffa2e32 -> 
  custom:video-decoder-ogg-theora: a1e56fd34408186e4bbccfd4996cb3dc -> 
  custom:container-muxer-webm: aa71ff27fc2769a1b78a27578f13a17b -> 
  custom:container-demuxer-webm: 4f35f7cbe854078d1ac9338744f61a02 -> 
  custom:container-demuxer-ogg: 62fdf1f143b41e24485cea50d1cbac27 -> 
  custom:video-encoder-webm-vp8: eb34c28f22e8b96e1ab97ce403110664 -> 
  custom:video-decoder-webm-vp8: 9c59270c3fd7afecdb556c50c9e8de78 -> 
  custom:audio-decoder-ogg-vorbis: bf7c407c2cedff20999df2af8eb42d56 -> 
  custom:audio-encoder-webm-vorbis: bf7c407c2cedff20999df2af8eb42d56 -> 
========================================================================
Received Import Request.
  Time since last request: 470.321478 seconds.
  path: Assets/Scenes/SampleScene/House_PPO Profile.asset
  artifactKey: Guid(2263a07406dd82a4db95608a208f7940) Importer(815301076,1909f56bfc062723c751e8b465ee728b)
Start importing Assets/Scenes/SampleScene/House_PPO Profile.asset using Guid(2263a07406dd82a4db95608a208f7940) Importer(815301076,1909f56bfc062723c751e8b465ee728b)  -> (artifact id: '641d81ea7e58fcef87a11a543c9ce5f6') in 0.118278 seconds 
========================================================================
Received Import Request.
  Time since last request: 0.000225 seconds.
  path: Assets/Scenes/SampleScene/Post_process_HW_7 Profile.asset
  artifactKey: Guid(92cf94fdd80de574f9d53e3fc6e4bdd5) Importer(815301076,1909f56bfc062723c751e8b465ee728b)
Start importing Assets/Scenes/SampleScene/Post_process_HW_7 Profile.asset using Guid(92cf94fdd80de574f9d53e3fc6e4bdd5) Importer(815301076,1909f56bfc062723c751e8b465ee728b)  -> (artifact id: 'b0568a2a1910eacb63809be1a000e340') in 0.002081 seconds 
========================================================================
Received Prepare
Registering precompiled user dll's ...
Registered in 0.004090 seconds.
Begin MonoManager ReloadAssembly
Symbol file LoadedFromMemory doesn't match image D:\Geekbrains_Developer on Unity\Разработка 3D-игр\My_Game\MyHorror\Library\PackageCache\com.unity.visualscripting@1.6.1\Editor\VisualScripting.Core\Dependencies\YamlDotNet\Unity.VisualScripting.YamlDotNet.dll
Symbol file LoadedFromMemory doesn't match image D:\Geekbrains_Developer on Unity\Разработка 3D-игр\My_Game\MyHorror\Library\PackageCache\com.unity.visualscripting@1.6.1\Editor\VisualScripting.Core\Dependencies\DotNetZip\Unity.VisualScripting.IonicZip.dll
Native extension for WindowsStandalone target not found
Refreshing native plugins compatible for Editor in 0.79 ms, found 3 plugins.
Preloading 0 native plugins for Editor in 0.00 ms.
Mono: successfully reloaded assembly
- Completed reload, in  0.983 seconds
Domain Reload Profiling:
	ReloadAssembly (984ms)
		BeginReloadAssembly (106ms)
			ExecutionOrderSort (0ms)
			DisableScriptedObjects (6ms)
			BackupInstance (0ms)
			ReleaseScriptingObjects (0ms)
			CreateAndSetChildDomain (39ms)
		EndReloadAssembly (829ms)
			LoadAssemblies (83ms)
			RebuildTransferFunctionScriptingTraits (0ms)
			SetupTypeCache (317ms)
			ReleaseScriptCaches (1ms)
			RebuildScriptCaches (38ms)
			SetupLoadedEditorAssemblies (273ms)
				LogAssemblyErrors (0ms)
				InitializePlatformSupportModulesInManaged (4ms)
				SetLoadedEditorAssemblies (0ms)
				RefreshPlugins (1ms)
				BeforeProcessingInitializeOnLoad (50ms)
				ProcessInitializeOnLoadAttributes (209ms)
				ProcessInitializeOnLoadMethodAttributes (6ms)
				AfterProcessingInitializeOnLoad (2ms)
				EditorAssembliesLoaded (0ms)
			ExecutionOrderSort2 (0ms)
			AwakeInstancesAfterBackupRestoration (17ms)
Platform modules already initialized, skipping
Shader 'Universal Render Pipeline/Particles/Lit': fallback shader 'Universal Render Pipeline/Particles/SimpleLit' not found
Shader 'Universal Render Pipeline/Particles/Lit': fallback shader 'Universal Render Pipeline/Particles/SimpleLit' not found
Refreshing native plugins compatible for Editor in 1.19 ms, found 3 plugins.
Preloading 0 native plugins for Editor in 0.00 ms.
Unloading 4660 Unused Serialized files (Serialized files now loaded: 0)
System memory in use before: 264.3 MB.
System memory in use after: 263.0 MB.

Unloading 39 unused Assets to reduce memory usage. Loaded Objects now: 5660.
Total: 6.490600 ms (FindLiveObjects: 0.740400 ms CreateObjectMapping: 0.488800 ms MarkObjects: 4.349500 ms  DeleteObjects: 0.910300 ms)

AssetImportParameters requested are different than current active one (requested -> active):
  custom:framework-win-MediaFoundation: 216162199b28c13a410421893ffa2e32 -> 
  custom:video-decoder-ogg-theora: a1e56fd34408186e4bbccfd4996cb3dc -> 
  custom:container-muxer-webm: aa71ff27fc2769a1b78a27578f13a17b -> 
  custom:container-demuxer-webm: 4f35f7cbe854078d1ac9338744f61a02 -> 
  custom:container-demuxer-ogg: 62fdf1f143b41e24485cea50d1cbac27 -> 
  custom:video-encoder-webm-vp8: eb34c28f22e8b96e1ab97ce403110664 -> 
  custom:video-decoder-webm-vp8: 9c59270c3fd7afecdb556c50c9e8de78 -> 
  custom:audio-decoder-ogg-vorbis: bf7c407c2cedff20999df2af8eb42d56 -> 
  custom:audio-encoder-webm-vorbis: bf7c407c2cedff20999df2af8eb42d56 -> 
========================================================================
Received Import Request.
  Time since last request: 303.158022 seconds.
  path: Assets/Scenes/SampleScene/Post_process_HW_7 Profile.asset
  artifactKey: Guid(92cf94fdd80de574f9d53e3fc6e4bdd5) Importer(815301076,1909f56bfc062723c751e8b465ee728b)
Start importing Assets/Scenes/SampleScene/Post_process_HW_7 Profile.asset using Guid(92cf94fdd80de574f9d53e3fc6e4bdd5) Importer(815301076,1909f56bfc062723c751e8b465ee728b)  -> (artifact id: '1762ea564ccfd8638ad545156edd208e') in 0.129234 seconds 
========================================================================
Received Import Request.
  Time since last request: 0.000217 seconds.
  path: Assets/Scenes/SampleScene/House_PPO Profile.asset
  artifactKey: Guid(2263a07406dd82a4db95608a208f7940) Importer(815301076,1909f56bfc062723c751e8b465ee728b)
Start importing Assets/Scenes/SampleScene/House_PPO Profile.asset using Guid(2263a07406dd82a4db95608a208f7940) Importer(815301076,1909f56bfc062723c751e8b465ee728b)  -> (artifact id: '0bda33c1d2eecfbb70cc6c9214cbf6b5') in 0.002671 seconds 
========================================================================
Received Prepare
Registering precompiled user dll's ...
Registered in 0.004553 seconds.
Begin MonoManager ReloadAssembly
Symbol file LoadedFromMemory doesn't match image D:\Geekbrains_Developer on Unity\Разработка 3D-игр\My_Game\MyHorror\Library\PackageCache\com.unity.visualscripting@1.6.1\Editor\VisualScripting.Core\Dependencies\YamlDotNet\Unity.VisualScripting.YamlDotNet.dll
Symbol file LoadedFromMemory doesn't match image D:\Geekbrains_Developer on Unity\Разработка 3D-игр\My_Game\MyHorror\Library\PackageCache\com.unity.visualscripting@1.6.1\Editor\VisualScripting.Core\Dependencies\DotNetZip\Unity.VisualScripting.IonicZip.dll
Native extension for WindowsStandalone target not found
Refreshing native plugins compatible for Editor in 1.54 ms, found 3 plugins.
Preloading 0 native plugins for Editor in 0.00 ms.
Mono: successfully reloaded assembly
- Completed reload, in  1.065 seconds
Domain Reload Profiling:
	ReloadAssembly (1065ms)
		BeginReloadAssembly (104ms)
			ExecutionOrderSort (0ms)
			DisableScriptedObjects (7ms)
			BackupInstance (0ms)
			ReleaseScriptingObjects (0ms)
			CreateAndSetChildDomain (35ms)
		EndReloadAssembly (917ms)
			LoadAssemblies (70ms)
			RebuildTransferFunctionScriptingTraits (0ms)
			SetupTypeCache (325ms)
			ReleaseScriptCaches (2ms)
			RebuildScriptCaches (42ms)
			SetupLoadedEditorAssemblies (311ms)
				LogAssemblyErrors (0ms)
				InitializePlatformSupportModulesInManaged (6ms)
				SetLoadedEditorAssemblies (1ms)
				RefreshPlugins (2ms)
				BeforeProcessingInitializeOnLoad (67ms)
				ProcessInitializeOnLoadAttributes (227ms)
				ProcessInitializeOnLoadMethodAttributes (7ms)
				AfterProcessingInitializeOnLoad (2ms)
				EditorAssembliesLoaded (0ms)
			ExecutionOrderSort2 (0ms)
			AwakeInstancesAfterBackupRestoration (19ms)
Platform modules already initialized, skipping
Shader 'Universal Render Pipeline/Particles/Lit': fallback shader 'Universal Render Pipeline/Particles/SimpleLit' not found
Shader 'Universal Render Pipeline/Particles/Lit': fallback shader 'Universal Render Pipeline/Particles/SimpleLit' not found
Refreshing native plugins compatible for Editor in 0.92 ms, found 3 plugins.
Preloading 0 native plugins for Editor in 0.00 ms.
Unloading 4660 Unused Serialized files (Serialized files now loaded: 0)
System memory in use before: 264.0 MB.
System memory in use after: 262.7 MB.

Unloading 39 unused Assets to reduce memory usage. Loaded Objects now: 5662.
Total: 4.575200 ms (FindLiveObjects: 0.583300 ms CreateObjectMapping: 0.339200 ms MarkObjects: 2.766600 ms  DeleteObjects: 0.885000 ms)

AssetImportParameters requested are different than current active one (requested -> active):
  custom:framework-win-MediaFoundation: 216162199b28c13a410421893ffa2e32 -> 
  custom:video-decoder-ogg-theora: a1e56fd34408186e4bbccfd4996cb3dc -> 
  custom:container-muxer-webm: aa71ff27fc2769a1b78a27578f13a17b -> 
  custom:container-demuxer-webm: 4f35f7cbe854078d1ac9338744f61a02 -> 
  custom:container-demuxer-ogg: 62fdf1f143b41e24485cea50d1cbac27 -> 
  custom:video-encoder-webm-vp8: eb34c28f22e8b96e1ab97ce403110664 -> 
  custom:video-decoder-webm-vp8: 9c59270c3fd7afecdb556c50c9e8de78 -> 
  custom:audio-decoder-ogg-vorbis: bf7c407c2cedff20999df2af8eb42d56 -> 
  custom:audio-encoder-webm-vorbis: bf7c407c2cedff20999df2af8eb42d56 -> 
========================================================================
Received Prepare
Registering precompiled user dll's ...
Registered in 0.004324 seconds.
Begin MonoManager ReloadAssembly
Symbol file LoadedFromMemory doesn't match image D:\Geekbrains_Developer on Unity\Разработка 3D-игр\My_Game\MyHorror\Library\PackageCache\com.unity.visualscripting@1.6.1\Editor\VisualScripting.Core\Dependencies\YamlDotNet\Unity.VisualScripting.YamlDotNet.dll
Symbol file LoadedFromMemory doesn't match image D:\Geekbrains_Developer on Unity\Разработка 3D-игр\My_Game\MyHorror\Library\PackageCache\com.unity.visualscripting@1.6.1\Editor\VisualScripting.Core\Dependencies\DotNetZip\Unity.VisualScripting.IonicZip.dll
Native extension for WindowsStandalone target not found
Refreshing native plugins compatible for Editor in 0.88 ms, found 3 plugins.
Preloading 0 native plugins for Editor in 0.00 ms.
Mono: successfully reloaded assembly
- Completed reload, in  0.974 seconds
Domain Reload Profiling:
	ReloadAssembly (974ms)
		BeginReloadAssembly (105ms)
			ExecutionOrderSort (0ms)
			DisableScriptedObjects (6ms)
			BackupInstance (0ms)
			ReleaseScriptingObjects (0ms)
			CreateAndSetChildDomain (31ms)
		EndReloadAssembly (824ms)
			LoadAssemblies (68ms)
			RebuildTransferFunctionScriptingTraits (0ms)
			SetupTypeCache (313ms)
			ReleaseScriptCaches (1ms)
			RebuildScriptCaches (40ms)
			SetupLoadedEditorAssemblies (275ms)
				LogAssemblyErrors (0ms)
				InitializePlatformSupportModulesInManaged (4ms)
				SetLoadedEditorAssemblies (0ms)
				RefreshPlugins (1ms)
				BeforeProcessingInitializeOnLoad (52ms)
				ProcessInitializeOnLoadAttributes (209ms)
				ProcessInitializeOnLoadMethodAttributes (7ms)
				AfterProcessingInitializeOnLoad (2ms)
				EditorAssembliesLoaded (0ms)
			ExecutionOrderSort2 (0ms)
			AwakeInstancesAfterBackupRestoration (17ms)
Platform modules already initialized, skipping
Shader 'Universal Render Pipeline/Particles/Lit': fallback shader 'Universal Render Pipeline/Particles/SimpleLit' not found
Shader 'Universal Render Pipeline/Particles/Lit': fallback shader 'Universal Render Pipeline/Particles/SimpleLit' not found
Refreshing native plugins compatible for Editor in 0.86 ms, found 3 plugins.
Preloading 0 native plugins for Editor in 0.00 ms.
Unloading 4660 Unused Serialized files (Serialized files now loaded: 0)
System memory in use before: 264.4 MB.
System memory in use after: 263.0 MB.

Unloading 39 unused Assets to reduce memory usage. Loaded Objects now: 5664.
Total: 4.019100 ms (FindLiveObjects: 0.441400 ms CreateObjectMapping: 0.269200 ms MarkObjects: 2.646300 ms  DeleteObjects: 0.661400 ms)

AssetImportParameters requested are different than current active one (requested -> active):
  custom:framework-win-MediaFoundation: 216162199b28c13a410421893ffa2e32 -> 
  custom:video-decoder-ogg-theora: a1e56fd34408186e4bbccfd4996cb3dc -> 
  custom:container-muxer-webm: aa71ff27fc2769a1b78a27578f13a17b -> 
  custom:container-demuxer-webm: 4f35f7cbe854078d1ac9338744f61a02 -> 
  custom:container-demuxer-ogg: 62fdf1f143b41e24485cea50d1cbac27 -> 
  custom:video-encoder-webm-vp8: eb34c28f22e8b96e1ab97ce403110664 -> 
  custom:video-decoder-webm-vp8: 9c59270c3fd7afecdb556c50c9e8de78 -> 
  custom:audio-decoder-ogg-vorbis: bf7c407c2cedff20999df2af8eb42d56 -> 
  custom:audio-encoder-webm-vorbis: bf7c407c2cedff20999df2af8eb42d56 -> 
AssetImportWorkerClient::OnTransportError - code=2 error=End of file
